#
# There is insufficient memory for the Java Runtime Environment to continue.
# Native memory allocation (malloc) failed to allocate 759376 bytes for Chunk::new
# Possible reasons:
#   The system is out of physical RAM or swap space
#   In 32 bit mode, the process size limit was hit
# Possible solutions:
#   Reduce memory load on the system
#   Increase physical memory or swap space
#   Check if swap backing store is full
#   Use 64 bit Java on a 64 bit OS
#   Decrease Java heap size (-Xmx/-Xms)
#   Decrease number of Java threads
#   Decrease Java thread stack sizes (-Xss)
#   Set larger code cache with -XX:ReservedCodeCacheSize=
# This output file may be truncated or incomplete.
#
#  Out of Memory Error (allocation.cpp:390), pid=8276, tid=17672
#
# JRE version: Java(TM) SE Runtime Environment (8.0_31-b13) (build 1.8.0_31-b13)
# Java VM: Java HotSpot(TM) 64-Bit Server VM (25.31-b07 mixed mode windows-amd64 compressed oops)
# Failed to write core dump. Minidumps are not enabled by default on client versions of Windows
#

---------------  T H R E A D  ---------------

Current thread (0x000000001ddc7000):  JavaThread "C2 CompilerThread2" daemon [_thread_in_native, id=17672, stack(0x000000001f4d0000,0x000000001f5d0000)]

Stack: [0x000000001f4d0000,0x000000001f5d0000],  sp=0x000000001de52e38,  free space=18014398509458955k
Native frames: (J=compiled Java code, j=interpreted, Vv=VM code, C=native code)
V  [jvm.dll+0x3169ba]
V  [jvm.dll+0x2674c3]
V  [jvm.dll+0x268103]
V  [jvm.dll+0x25f8f5]
V  [jvm.dll+0xbf025]
V  [jvm.dll+0xbf4cc]
V  [jvm.dll+0x4798bc]
V  [jvm.dll+0x446e60]
V  [jvm.dll+0x451bce]
V  [jvm.dll+0x4541b8]
V  [jvm.dll+0x437c62]
V  [jvm.dll+0x988e2]
V  [jvm.dll+0x990d3]
V  [jvm.dll+0x22c194]
V  [jvm.dll+0x28576a]
C  [msvcr100.dll+0x21d9f]
C  [msvcr100.dll+0x21e3b]
C  [KERNEL32.DLL+0x17c24]
C  [ntdll.dll+0x6d721]


Current CompileTask:
C2:   1773 1651   !   4       java.net.URL::<init> (543 bytes)


---------------  P R O C E S S  ---------------

Java Threads: ( => current thread )
  0x000000001de50800 JavaThread "Service Thread" daemon [_thread_blocked, id=1400, stack(0x000000001f6d0000,0x000000001f7d0000)]
  0x000000001ddcb800 JavaThread "C1 CompilerThread3" daemon [_thread_blocked, id=5772, stack(0x000000001f5d0000,0x000000001f6d0000)]
=>0x000000001ddc7000 JavaThread "C2 CompilerThread2" daemon [_thread_in_native, id=17672, stack(0x000000001f4d0000,0x000000001f5d0000)]
  0x000000001c67d000 JavaThread "C2 CompilerThread1" daemon [_thread_blocked, id=23208, stack(0x000000001f3d0000,0x000000001f4d0000)]
  0x000000001ddbf000 JavaThread "C2 CompilerThread0" daemon [_thread_in_native, id=14244, stack(0x000000001f2d0000,0x000000001f3d0000)]
  0x000000001ddbe800 JavaThread "Attach Listener" daemon [_thread_blocked, id=29996, stack(0x000000001f1d0000,0x000000001f2d0000)]
  0x000000001dd73000 JavaThread "Signal Dispatcher" daemon [_thread_blocked, id=29964, stack(0x000000001f0d0000,0x000000001f1d0000)]
  0x0000000002e59000 JavaThread "Finalizer" daemon [_thread_blocked, id=26164, stack(0x000000001efd0000,0x000000001f0d0000)]
  0x000000001c66b800 JavaThread "Reference Handler" daemon [_thread_blocked, id=30668, stack(0x000000001eed0000,0x000000001efd0000)]
  0x0000000002f2d800 JavaThread "main" [_thread_in_native, id=5060, stack(0x00000000028a0000,0x00000000029a0000)]

Other Threads:
  0x000000001c664800 VMThread [stack: 0x000000001edd0000,0x000000001eed0000] [id=24800]
  0x000000001de61000 WatcherThread [stack: 0x000000001f7d0000,0x000000001f8d0000] [id=17704]

VM state:not at safepoint (normal execution)

VM Mutex/Monitor currently owned by a thread: None

Heap:
 PSYoungGen      total 73728K, used 40606K [0x000000076e000000, 0x0000000773200000, 0x00000007c0000000)
  eden space 63488K, 48% used [0x000000076e000000,0x000000076fdcbfd0,0x0000000771e00000)
  from space 10240K, 98% used [0x0000000771e00000,0x00000007727db848,0x0000000772800000)
  to   space 10240K, 0% used [0x0000000772800000,0x0000000772800000,0x0000000773200000)
 ParOldGen       total 167936K, used 16K [0x00000006ca000000, 0x00000006d4400000, 0x000000076e000000)
  object space 167936K, 0% used [0x00000006ca000000,0x00000006ca004000,0x00000006d4400000)
 Metaspace       used 15023K, capacity 15316K, committed 15616K, reserved 1062912K
  class space    used 1844K, capacity 1941K, committed 2048K, reserved 1048576K

Card table byte_map: [0x00000000122f0000,0x0000000012ab0000] byte_map_base: 0x000000000eca0000

Marking Bits: (ParMarkBitMap*) 0x000000005629d4f0
 Begin Bits: [0x00000000139d0000, 0x0000000017750000)
 End Bits:   [0x0000000017750000, 0x000000001b4d0000)

Polling page: 0x00000000010e0000

CodeCache: size=245760Kb used=5870Kb max_used=5877Kb free=239889Kb
 bounds [0x0000000002f30000, 0x0000000003500000, 0x0000000011f30000]
 total_blobs=2122 nmethods=1759 adapters=277
 compilation: enabled

Compilation events (10 events):
Event: 1.741 Thread 0x000000001ddcb800 nmethod 1729 0x00000000034d3210 code [0x00000000034d3360, 0x00000000034d3550]
Event: 1.742 Thread 0x000000001ddcb800 1730       3       org.codehaus.plexus.util.xml.pull.MXParser::getAttributeCount (15 bytes)
Event: 1.742 Thread 0x000000001ddcb800 nmethod 1730 0x00000000034d3610 code [0x00000000034d3760, 0x00000000034d3910]
Event: 1.742 Thread 0x000000001ddcb800 1731       3       org.apache.maven.model.io.xpp3.MavenXpp3ReaderEx::interpolatedTrimmed (16 bytes)
Event: 1.742 Thread 0x000000001ddcb800 nmethod 1731 0x00000000034d3990 code [0x00000000034d3b20, 0x00000000034d3e68]
Event: 1.742 Thread 0x000000001ddcb800 1733       3       org.apache.maven.model.Dependency::setLocation (35 bytes)
Event: 1.742 Thread 0x000000001c67d000 1734       4       org.codehaus.plexus.util.xml.pull.MXParser::getName (84 bytes)
Event: 1.742 Thread 0x000000001ddcb800 nmethod 1733 0x00000000034d4010 code [0x00000000034d41a0, 0x00000000034d4648]
Event: 1.742 Thread 0x000000001ddcb800 1732       3       org.apache.maven.model.io.xpp3.MavenXpp3ReaderEx$1::transform (2 bytes)
Event: 1.743 Thread 0x000000001ddcb800 nmethod 1732 0x00000000034d4850 code [0x00000000034d49a0, 0x00000000034d4af0]

GC Heap History (2 events):
Event: 1.270 GC heap before
{Heap before GC invocations=1 (full 0):
 PSYoungGen      total 73728K, used 63488K [0x000000076e000000, 0x0000000773200000, 0x00000007c0000000)
  eden space 63488K, 100% used [0x000000076e000000,0x0000000771e00000,0x0000000771e00000)
  from space 10240K, 0% used [0x0000000772800000,0x0000000772800000,0x0000000773200000)
  to   space 10240K, 0% used [0x0000000771e00000,0x0000000771e00000,0x0000000772800000)
 ParOldGen       total 167936K, used 0K [0x00000006ca000000, 0x00000006d4400000, 0x000000076e000000)
  object space 167936K, 0% used [0x00000006ca000000,0x00000006ca000000,0x00000006d4400000)
 Metaspace       used 11872K, capacity 12112K, committed 12416K, reserved 1060864K
  class space    used 1459K, capacity 1547K, committed 1664K, reserved 1048576K
Event: 1.277 GC heap after
Heap after GC invocations=1 (full 0):
 PSYoungGen      total 73728K, used 10094K [0x000000076e000000, 0x0000000773200000, 0x00000007c0000000)
  eden space 63488K, 0% used [0x000000076e000000,0x000000076e000000,0x0000000771e00000)
  from space 10240K, 98% used [0x0000000771e00000,0x00000007727db848,0x0000000772800000)
  to   space 10240K, 0% used [0x0000000772800000,0x0000000772800000,0x0000000773200000)
 ParOldGen       total 167936K, used 16K [0x00000006ca000000, 0x00000006d4400000, 0x000000076e000000)
  object space 167936K, 0% used [0x00000006ca000000,0x00000006ca004000,0x00000006d4400000)
 Metaspace       used 11872K, capacity 12112K, committed 12416K, reserved 1060864K
  class space    used 1459K, capacity 1547K, committed 1664K, reserved 1048576K
}

Deoptimization events (8 events):
Event: 0.627 Thread 0x0000000002f2d800 Uncommon trap: reason=unloaded action=reinterpret pc=0x000000000306a810 method=java.lang.CharacterData.of(I)Ljava/lang/CharacterData; @ 96
Event: 0.938 Thread 0x0000000002f2d800 Uncommon trap: reason=range_check action=make_not_entrant pc=0x00000000031d6c68 method=sun.reflect.generics.parser.SignatureParser.current()C @ 34
Event: 1.052 Thread 0x0000000002f2d800 Uncommon trap: reason=class_check action=maybe_recompile pc=0x000000000329f81c method=java.util.HashMap.putVal(ILjava/lang/Object;Ljava/lang/Object;ZZ)Ljava/lang/Object; @ 203
Event: 1.391 Thread 0x0000000002f2d800 Uncommon trap: reason=class_check action=maybe_recompile pc=0x000000000329f81c method=java.util.HashMap.putVal(ILjava/lang/Object;Ljava/lang/Object;ZZ)Ljava/lang/Object; @ 203
Event: 1.391 Thread 0x0000000002f2d800 Uncommon trap: reason=class_check action=maybe_recompile pc=0x000000000329f81c method=java.util.HashMap.putVal(ILjava/lang/Object;Ljava/lang/Object;ZZ)Ljava/lang/Object; @ 203
Event: 1.463 Thread 0x0000000002f2d800 Uncommon trap: reason=class_check action=maybe_recompile pc=0x000000000329f81c method=java.util.HashMap.putVal(ILjava/lang/Object;Ljava/lang/Object;ZZ)Ljava/lang/Object; @ 203
Event: 1.695 Thread 0x0000000002f2d800 Uncommon trap: reason=unreached action=reinterpret pc=0x000000000316f030 method=java.lang.AbstractStringBuilder.append(Ljava/lang/String;)Ljava/lang/AbstractStringBuilder; @ 1
Event: 1.695 Thread 0x0000000002f2d800 Uncommon trap: reason=unreached action=reinterpret pc=0x0000000003116014 method=java.lang.AbstractStringBuilder.append(Ljava/lang/String;)Ljava/lang/AbstractStringBuilder; @ 1

Internal exceptions (10 events):
Event: 1.724 Thread 0x0000000002f2d800 Exception <a 'java/security/PrivilegedActionException'> (0x000000076fa68d08) thrown at [C:\workspace\8-2-build-windows-amd64-cygwin\jdk8u31\2394\hotspot\src\share\vm\prims\jvm.cpp, line 1312]
Event: 1.724 Thread 0x0000000002f2d800 Exception <a 'java/security/PrivilegedActionException'> (0x000000076fa69688) thrown at [C:\workspace\8-2-build-windows-amd64-cygwin\jdk8u31\2394\hotspot\src\share\vm\prims\jvm.cpp, line 1312]
Event: 1.725 Thread 0x0000000002f2d800 Exception <a 'java/security/PrivilegedActionException'> (0x000000076fa6ef68) thrown at [C:\workspace\8-2-build-windows-amd64-cygwin\jdk8u31\2394\hotspot\src\share\vm\prims\jvm.cpp, line 1312]
Event: 1.725 Thread 0x0000000002f2d800 Exception <a 'java/security/PrivilegedActionException'> (0x000000076fa6f908) thrown at [C:\workspace\8-2-build-windows-amd64-cygwin\jdk8u31\2394\hotspot\src\share\vm\prims\jvm.cpp, line 1312]
Event: 1.739 Thread 0x0000000002f2d800 Exception <a 'java/security/PrivilegedActionException'> (0x000000076fad6be0) thrown at [C:\workspace\8-2-build-windows-amd64-cygwin\jdk8u31\2394\hotspot\src\share\vm\prims\jvm.cpp, line 1312]
Event: 1.739 Thread 0x0000000002f2d800 Exception <a 'java/security/PrivilegedActionException'> (0x000000076fad7470) thrown at [C:\workspace\8-2-build-windows-amd64-cygwin\jdk8u31\2394\hotspot\src\share\vm\prims\jvm.cpp, line 1312]
Event: 1.740 Thread 0x0000000002f2d800 Exception <a 'java/security/PrivilegedActionException'> (0x000000076fadd7d8) thrown at [C:\workspace\8-2-build-windows-amd64-cygwin\jdk8u31\2394\hotspot\src\share\vm\prims\jvm.cpp, line 1312]
Event: 1.740 Thread 0x0000000002f2d800 Exception <a 'java/security/PrivilegedActionException'> (0x000000076fade038) thrown at [C:\workspace\8-2-build-windows-amd64-cygwin\jdk8u31\2394\hotspot\src\share\vm\prims\jvm.cpp, line 1312]
Event: 1.741 Thread 0x0000000002f2d800 Exception <a 'java/security/PrivilegedActionException'> (0x000000076faef788) thrown at [C:\workspace\8-2-build-windows-amd64-cygwin\jdk8u31\2394\hotspot\src\share\vm\prims\jvm.cpp, line 1312]
Event: 1.741 Thread 0x0000000002f2d800 Exception <a 'java/security/PrivilegedActionException'> (0x000000076faf00a8) thrown at [C:\workspace\8-2-build-windows-amd64-cygwin\jdk8u31\2394\hotspot\src\share\vm\prims\jvm.cpp, line 1312]

Events (10 events):
Event: 1.724 loading class org/apache/maven/model/building/DefaultModelBuilder$1
Event: 1.724 loading class org/apache/maven/model/building/DefaultModelBuilder$1 done
Event: 1.725 loading class org/apache/maven/model/building/FilterModelBuildingRequest
Event: 1.725 loading class org/apache/maven/model/building/FilterModelBuildingRequest done
Event: 1.739 loading class org/apache/maven/model/License
Event: 1.739 loading class org/apache/maven/model/License done
Event: 1.740 loading class org/apache/maven/model/Scm
Event: 1.740 loading class org/apache/maven/model/Scm done
Event: 1.741 loading class org/apache/maven/model/DependencyManagement
Event: 1.741 loading class org/apache/maven/model/DependencyManagement done


Dynamic libraries:
0x00007ff6c06d0000 - 0x00007ff6c0704000 	C:\Program Files\Java\jdk1.8.0_31\bin\java.exe
0x00007ffdbffc0000 - 0x00007ffdc01b0000 	C:\Windows\SYSTEM32\ntdll.dll
0x00007ffdbe140000 - 0x00007ffdbe1f2000 	C:\Windows\System32\KERNEL32.DLL
0x00007ffdbd0c0000 - 0x00007ffdbd365000 	C:\Windows\System32\KERNELBASE.dll
0x00007ffdbe460000 - 0x00007ffdbe503000 	C:\Windows\System32\ADVAPI32.dll
0x00007ffdbe360000 - 0x00007ffdbe3fe000 	C:\Windows\System32\msvcrt.dll
0x00007ffdbe510000 - 0x00007ffdbe5a7000 	C:\Windows\System32\sechost.dll
0x00007ffdbf5e0000 - 0x00007ffdbf6ff000 	C:\Windows\System32\RPCRT4.dll
0x00007ffdbf700000 - 0x00007ffdbf894000 	C:\Windows\System32\USER32.dll
0x00007ffdbd090000 - 0x00007ffdbd0b1000 	C:\Windows\System32\win32u.dll
0x00007ffdbff50000 - 0x00007ffdbff76000 	C:\Windows\System32\GDI32.dll
0x00007ffdbde00000 - 0x00007ffdbdf98000 	C:\Windows\System32\gdi32full.dll
0x00007ffdbdfa0000 - 0x00007ffdbe03e000 	C:\Windows\System32\msvcp_win.dll
0x00007ffdbdd00000 - 0x00007ffdbddfa000 	C:\Windows\System32\ucrtbase.dll
0x00007ffdaefd0000 - 0x00007ffdaf254000 	C:\Windows\WinSxS\amd64_microsoft.windows.common-controls_6595b64144ccf1df_6.0.18362.1440_none_9e7dbfb9e45e8e67\COMCTL32.dll
0x00007ffdbeca0000 - 0x00007ffdbefd6000 	C:\Windows\System32\combase.dll
0x00007ffdbd370000 - 0x00007ffdbd3f1000 	C:\Windows\System32\bcryptPrimitives.dll
0x00007ffdbf340000 - 0x00007ffdbf36e000 	C:\Windows\System32\IMM32.DLL
0x0000000058cd0000 - 0x0000000058da2000 	C:\Program Files\Java\jdk1.8.0_31\jre\bin\msvcr100.dll
0x0000000055ac0000 - 0x000000005631a000 	C:\Program Files\Java\jdk1.8.0_31\jre\bin\server\jvm.dll
0x00007ffdbff40000 - 0x00007ffdbff48000 	C:\Windows\System32\PSAPI.DLL
0x00007ffdabae0000 - 0x00007ffdabae9000 	C:\Windows\SYSTEM32\WSOCK32.dll
0x00007ffdb97c0000 - 0x00007ffdb97e4000 	C:\Windows\SYSTEM32\WINMM.dll
0x00007ffdbf260000 - 0x00007ffdbf2cf000 	C:\Windows\System32\WS2_32.dll
0x00007ffdb9790000 - 0x00007ffdb97bd000 	C:\Windows\SYSTEM32\winmmbase.dll
0x00007ffdbd460000 - 0x00007ffdbd4aa000 	C:\Windows\System32\cfgmgr32.dll
0x0000000058e70000 - 0x0000000058e7f000 	C:\Program Files\Java\jdk1.8.0_31\jre\bin\verify.dll
0x0000000058e40000 - 0x0000000058e68000 	C:\Program Files\Java\jdk1.8.0_31\jre\bin\java.dll
0x0000000058ca0000 - 0x0000000058cb6000 	C:\Program Files\Java\jdk1.8.0_31\jre\bin\zip.dll
0x00007ffdbe5b0000 - 0x00007ffdbec98000 	C:\Windows\System32\SHELL32.dll
0x00007ffdbf4a0000 - 0x00007ffdbf547000 	C:\Windows\System32\shcore.dll
0x00007ffdbd580000 - 0x00007ffdbdcfb000 	C:\Windows\System32\windows.storage.dll
0x00007ffdbced0000 - 0x00007ffdbceee000 	C:\Windows\System32\profapi.dll
0x00007ffdbce80000 - 0x00007ffdbceca000 	C:\Windows\System32\powrprof.dll
0x00007ffdbce70000 - 0x00007ffdbce80000 	C:\Windows\System32\UMPDC.dll
0x00007ffdbf2d0000 - 0x00007ffdbf322000 	C:\Windows\System32\shlwapi.dll
0x00007ffdbcf10000 - 0x00007ffdbcf21000 	C:\Windows\System32\kernel.appcore.dll
0x00007ffdbd560000 - 0x00007ffdbd577000 	C:\Windows\System32\cryptsp.dll
0x00007ffdbc230000 - 0x00007ffdbc263000 	C:\Windows\system32\rsaenh.dll
0x00007ffdbe040000 - 0x00007ffdbe066000 	C:\Windows\System32\bcrypt.dll
0x00007ffdbcd90000 - 0x00007ffdbcdb5000 	C:\Windows\SYSTEM32\USERENV.dll
0x00007ffdbc880000 - 0x00007ffdbc88c000 	C:\Windows\SYSTEM32\CRYPTBASE.dll
0x00000000588d0000 - 0x00000000588ea000 	C:\Program Files\Java\jdk1.8.0_31\jre\bin\net.dll
0x00007ffdbc6b0000 - 0x00007ffdbc717000 	C:\Windows\system32\mswsock.dll
0x00007ffdbc3c0000 - 0x00007ffdbc3fa000 	C:\Windows\SYSTEM32\IPHLPAPI.DLL
0x00007ffdbf5d0000 - 0x00007ffdbf5d8000 	C:\Windows\System32\NSI.dll
0x00007ffdb4f10000 - 0x00007ffdb4f26000 	C:\Windows\SYSTEM32\dhcpcsvc6.DLL
0x00007ffdb4ef0000 - 0x00007ffdb4f0c000 	C:\Windows\SYSTEM32\dhcpcsvc.DLL
0x00007ffdbc400000 - 0x00007ffdbc4cb000 	C:\Windows\SYSTEM32\DNSAPI.dll
0x00000000588a0000 - 0x00000000588b1000 	C:\Program Files\Java\jdk1.8.0_31\jre\bin\nio.dll
0x00007ffdb7630000 - 0x00007ffdb763a000 	C:\Users\39851\AppData\Local\Temp\jansi-1.17-301545219282870246.dll
0x00007ffdb7420000 - 0x00007ffdb742a000 	C:\Users\39851\AppData\Local\Temp\jansi-1.17-1321540267094198995.dll
0x00007ffdbb840000 - 0x00007ffdbba34000 	C:\Windows\SYSTEM32\dbghelp.dll

VM Arguments:
jvm_args: -Dmaven.multiModuleProjectDirectory=E:\VuePp\课程管理系统源码+数据库sql+文档\RainngCourse-master\RainngCourseBE -Dmaven.home=D:\Work\maven\apache-maven-3.5.3 -Dclassworlds.conf=D:\Work\maven\apache-maven-3.5.3\bin\m2.conf -Dmaven.ext.class.path=F:\IDEA开发工具\IntelliJ IDEA 2020.1\plugins\maven\lib\maven-event-listener.jar -Dfile.encoding=GBK 
java_command: org.codehaus.classworlds.Launcher -Didea.version2020.1 -s D:\Work\maven\apache-maven-3.5.3\conf\settings.xml -DskipTests=true install
java_class_path (initial): D:\Work\maven\apache-maven-3.5.3\boot\plexus-classworlds-2.5.2.jar
Launcher Type: SUN_STANDARD

Environment Variables:
JAVA_HOME=C:\Program Files\Java\jdk1.8.0_31
PATH=D:\app\39851\product\11.2.0\dbhome_2\bin;C:\Program Files\Java\jdk1.8.0_31\bin;C:\Windows\system32;C:\Windows;C:\Windows\System32\Wbem;C:\Windows\System32\WindowsPowerShell\v1.0\;C:\Windows\System32\OpenSSH\;C:\Program Files (x86)\NVIDIA Corporation\PhysX\Common;C:\Program Files\NVIDIA Corporation\NVIDIA NvDLISR;C:\Program Files\Git\cmd;D:\MySQL8.0\mysql-8.0.21-winx64\bin;C:\Program Files\TortoiseSVN\bin;D:\Work\maven\apache-maven-3.5.3\bin;D:\WebStorm\node\;D:\sdk\tools;D:\sdk\platform-tools;C:\Users\39851\.gradle\wrapper\dists\gradle-6.5-bin\6nifqtx7604sqp1q6g8wikw7p\gradle-6.5\bin;C:\Users\39851\AppData\Local\Microsoft\WindowsApps;D:\WebStorm\node\node_global;;D:\VsCode\vsCode\Microsoft VS Code\bin
USERNAME=39851
OS=Windows_NT
PROCESSOR_IDENTIFIER=AMD64 Family 23 Model 96 Stepping 1, AuthenticAMD



---------------  S Y S T E M  ---------------

OS: Windows 8.1 , 64 bit Build 9600 

CPU:total 12 (12 cores per cpu, 1 threads per core) family 23 model 96 stepping 1, cmov, cx8, fxsr, mmx, sse, sse2, sse3, ssse3, sse4.1, sse4.2, popcnt, avx, avx2, aes, clmul, mmxext, 3dnowpref, lzcnt, sse4a, tsc, tscinvbit, tscinv, bmi1

Memory: 4k page, physical 16119108k(6410408k free), swap 29226304k(5948k free)

vm_info: Java HotSpot(TM) 64-Bit Server VM (25.31-b07) for windows-amd64 JRE (1.8.0_31-b13), built on Dec 17 2014 21:00:28 by "java_re" with MS VC++ 10.0 (VS2010)

time: Tue Apr 13 11:59:00 2021
elapsed time: 1 seconds (0d 0h 0m 1s)

