#
# There is insufficient memory for the Java Runtime Environment to continue.
# Native memory allocation (malloc) failed to allocate 32744 bytes for ChunkPool::allocate
# Possible reasons:
#   The system is out of physical RAM or swap space
#   In 32 bit mode, the process size limit was hit
# Possible solutions:
#   Reduce memory load on the system
#   Increase physical memory or swap space
#   Check if swap backing store is full
#   Use 64 bit Java on a 64 bit OS
#   Decrease Java heap size (-Xmx/-Xms)
#   Decrease number of Java threads
#   Decrease Java thread stack sizes (-Xss)
#   Set larger code cache with -XX:ReservedCodeCacheSize=
# This output file may be truncated or incomplete.
#
#  Out of Memory Error (allocation.cpp:273), pid=26732, tid=12636
#
# JRE version: Java(TM) SE Runtime Environment (8.0_31-b13) (build 1.8.0_31-b13)
# Java VM: Java HotSpot(TM) 64-Bit Server VM (25.31-b07 mixed mode windows-amd64 compressed oops)
# Failed to write core dump. Minidumps are not enabled by default on client versions of Windows
#

---------------  T H R E A D  ---------------

Current thread (0x0000000002afd800):  JavaThread "main" [_thread_in_vm, id=12636, stack(0x0000000002e70000,0x0000000002f70000)]

Stack: [0x0000000002e70000,0x0000000002f70000]
Native frames: (J=compiled Java code, j=interpreted, Vv=VM code, C=native code)
V  [jvm.dll+0x3169ba]

Java frames: (J=compiled Java code, j=interpreted, Vv=VM code)
j  java.lang.ClassLoader.defineClass1(Ljava/lang/String;[BIILjava/security/ProtectionDomain;Ljava/lang/String;)Ljava/lang/Class;+0
j  java.lang.ClassLoader.defineClass(Ljava/lang/String;[BIILjava/security/ProtectionDomain;)Ljava/lang/Class;+27
j  java.security.SecureClassLoader.defineClass(Ljava/lang/String;[BIILjava/security/CodeSource;)Ljava/lang/Class;+12
j  java.net.URLClassLoader.defineClass(Ljava/lang/String;Lsun/misc/Resource;)Ljava/lang/Class;+220
j  java.net.URLClassLoader.access$100(Ljava/net/URLClassLoader;Ljava/lang/String;Lsun/misc/Resource;)Ljava/lang/Class;+3
j  java.net.URLClassLoader$1.run()Ljava/lang/Class;+43
j  java.net.URLClassLoader$1.run()Ljava/lang/Object;+1
v  ~StubRoutines::call_stub
j  java.security.AccessController.doPrivileged(Ljava/security/PrivilegedExceptionAction;Ljava/security/AccessControlContext;)Ljava/lang/Object;+0
J 345 C1 java.net.URLClassLoader.findClass(Ljava/lang/String;)Ljava/lang/Class; (29 bytes) @ 0x0000000003246ef4 [0x0000000003246d60+0x194]
j  org.codehaus.plexus.classworlds.realm.ClassRealm.loadClassFromSelf(Ljava/lang/String;)Ljava/lang/Class;+20
j  org.codehaus.plexus.classworlds.strategy.SelfFirstStrategy.loadClass(Ljava/lang/String;)Ljava/lang/Class;+18
j  org.codehaus.plexus.classworlds.realm.ClassRealm.unsynchronizedLoadClass(Ljava/lang/String;Z)Ljava/lang/Class;+13
j  org.codehaus.plexus.classworlds.realm.ClassRealm.loadClass(Ljava/lang/String;Z)Ljava/lang/Class;+9
j  org.codehaus.plexus.classworlds.realm.ClassRealm.loadClass(Ljava/lang/String;)Ljava/lang/Class;+3
v  ~StubRoutines::call_stub
j  java.lang.ClassLoader.defineClass1(Ljava/lang/String;[BIILjava/security/ProtectionDomain;Ljava/lang/String;)Ljava/lang/Class;+0
j  java.lang.ClassLoader.defineClass(Ljava/lang/String;[BIILjava/security/ProtectionDomain;)Ljava/lang/Class;+27
j  java.security.SecureClassLoader.defineClass(Ljava/lang/String;[BIILjava/security/CodeSource;)Ljava/lang/Class;+12
j  java.net.URLClassLoader.defineClass(Ljava/lang/String;Lsun/misc/Resource;)Ljava/lang/Class;+220
j  java.net.URLClassLoader.access$100(Ljava/net/URLClassLoader;Ljava/lang/String;Lsun/misc/Resource;)Ljava/lang/Class;+3
j  java.net.URLClassLoader$1.run()Ljava/lang/Class;+43
j  java.net.URLClassLoader$1.run()Ljava/lang/Object;+1
v  ~StubRoutines::call_stub
j  java.security.AccessController.doPrivileged(Ljava/security/PrivilegedExceptionAction;Ljava/security/AccessControlContext;)Ljava/lang/Object;+0
J 345 C1 java.net.URLClassLoader.findClass(Ljava/lang/String;)Ljava/lang/Class; (29 bytes) @ 0x0000000003246ef4 [0x0000000003246d60+0x194]
j  org.codehaus.plexus.classworlds.realm.ClassRealm.loadClassFromSelf(Ljava/lang/String;)Ljava/lang/Class;+20
j  org.codehaus.plexus.classworlds.strategy.SelfFirstStrategy.loadClass(Ljava/lang/String;)Ljava/lang/Class;+18
j  org.codehaus.plexus.classworlds.realm.ClassRealm.unsynchronizedLoadClass(Ljava/lang/String;Z)Ljava/lang/Class;+13
j  org.codehaus.plexus.classworlds.realm.ClassRealm.loadClass(Ljava/lang/String;Z)Ljava/lang/Class;+9
j  org.codehaus.plexus.classworlds.realm.ClassRealm.loadClass(Ljava/lang/String;)Ljava/lang/Class;+3
v  ~StubRoutines::call_stub
j  java.lang.Class.forName0(Ljava/lang/String;ZLjava/lang/ClassLoader;Ljava/lang/Class;)Ljava/lang/Class;+0
j  java.lang.Class.forName(Ljava/lang/String;)Ljava/lang/Class;+11
j  org.apache.maven.cli.logging.Slf4jConfigurationFactory.getConfiguration(Lorg/slf4j/ILoggerFactory;)Lorg/apache/maven/cli/logging/Slf4jConfiguration;+73
j  org.apache.maven.cli.MavenCli.logging(Lorg/apache/maven/cli/CliRequest;)V+80
j  org.apache.maven.cli.MavenCli.doMain(Lorg/apache/maven/cli/CliRequest;)I+19
j  org.apache.maven.cli.MavenCli.main([Ljava/lang/String;Lorg/codehaus/plexus/classworlds/ClassWorld;)I+24
v  ~StubRoutines::call_stub
j  sun.reflect.NativeMethodAccessorImpl.invoke0(Ljava/lang/reflect/Method;Ljava/lang/Object;[Ljava/lang/Object;)Ljava/lang/Object;+0
j  sun.reflect.NativeMethodAccessorImpl.invoke(Ljava/lang/Object;[Ljava/lang/Object;)Ljava/lang/Object;+100
j  sun.reflect.DelegatingMethodAccessorImpl.invoke(Ljava/lang/Object;[Ljava/lang/Object;)Ljava/lang/Object;+6
j  java.lang.reflect.Method.invoke(Ljava/lang/Object;[Ljava/lang/Object;)Ljava/lang/Object;+56
j  org.codehaus.plexus.classworlds.launcher.Launcher.launchEnhanced([Ljava/lang/String;)V+45
j  org.codehaus.plexus.classworlds.launcher.Launcher.launch([Ljava/lang/String;)V+2
j  org.codehaus.plexus.classworlds.launcher.Launcher.mainWithExitCode([Ljava/lang/String;)I+101
j  org.codehaus.plexus.classworlds.launcher.Launcher.main([Ljava/lang/String;)V+1
j  org.codehaus.classworlds.Launcher.main([Ljava/lang/String;)V+1
v  ~StubRoutines::call_stub

---------------  P R O C E S S  ---------------

Java Threads: ( => current thread )
  0x000000001df8a000 JavaThread "Service Thread" daemon [_thread_blocked, id=2628, stack(0x000000001f7e0000,0x000000001f8e0000)]
  0x000000001defb000 JavaThread "C1 CompilerThread3" daemon [_thread_blocked, id=20776, stack(0x000000001f6e0000,0x000000001f7e0000)]
  0x000000001def9800 JavaThread "C2 CompilerThread2" daemon [_thread_blocked, id=29704, stack(0x000000001f5e0000,0x000000001f6e0000)]
  0x000000001def4000 JavaThread "C2 CompilerThread1" daemon [_thread_blocked, id=30464, stack(0x000000001f4e0000,0x000000001f5e0000)]
  0x000000001dee9000 JavaThread "C2 CompilerThread0" daemon [_thread_blocked, id=20540, stack(0x000000001f3e0000,0x000000001f4e0000)]
  0x000000001de9d800 JavaThread "Attach Listener" daemon [_thread_blocked, id=24540, stack(0x000000001f2e0000,0x000000001f3e0000)]
  0x000000001de9c800 JavaThread "Signal Dispatcher" daemon [_thread_blocked, id=6536, stack(0x000000001f1e0000,0x000000001f2e0000)]
  0x000000000306b000 JavaThread "Finalizer" daemon [_thread_blocked, id=30216, stack(0x000000001f0e0000,0x000000001f1e0000)]
  0x000000001c7ac000 JavaThread "Reference Handler" daemon [_thread_blocked, id=16244, stack(0x000000001efe0000,0x000000001f0e0000)]
=>0x0000000002afd800 JavaThread "main" [_thread_in_vm, id=12636, stack(0x0000000002e70000,0x0000000002f70000)]

Other Threads:
  0x000000001de62800 VMThread [stack: 0x000000001eee0000,0x000000001efe0000] [id=30496]
  0x000000001df93000 WatcherThread [stack: 0x000000001f8e0000,0x000000001f9e0000] [id=12748]

VM state:not at safepoint (normal execution)

VM Mutex/Monitor currently owned by a thread: None

Heap:
 PSYoungGen      total 73728K, used 10158K [0x000000076e000000, 0x0000000773200000, 0x00000007c0000000)
  eden space 63488K, 16% used [0x000000076e000000,0x000000076e9eb910,0x0000000771e00000)
  from space 10240K, 0% used [0x0000000772800000,0x0000000772800000,0x0000000773200000)
  to   space 10240K, 0% used [0x0000000771e00000,0x0000000771e00000,0x0000000772800000)
 ParOldGen       total 167936K, used 0K [0x00000006ca000000, 0x00000006d4400000, 0x000000076e000000)
  object space 167936K, 0% used [0x00000006ca000000,0x00000006ca000000,0x00000006d4400000)
 Metaspace       used 5499K, capacity 5704K, committed 5888K, reserved 1056768K
  class space    used 592K, capacity 668K, committed 768K, reserved 1048576K

Card table byte_map: [0x0000000012430000,0x0000000012bf0000] byte_map_base: 0x000000000ede0000

Marking Bits: (ParMarkBitMap*) 0x000000005629d4f0
 Begin Bits: [0x0000000013b10000, 0x0000000017890000)
 End Bits:   [0x0000000017890000, 0x000000001b610000)

Polling page: 0x0000000000c80000

CodeCache: size=245760Kb used=1968Kb max_used=1968Kb free=243791Kb
 bounds [0x0000000003070000, 0x00000000032e0000, 0x0000000012070000]
 total_blobs=661 nmethods=363 adapters=213
 compilation: enabled

Compilation events (10 events):
Event: 0.533 Thread 0x000000001defb000  358       3       java.util.Properties::getProperty (46 bytes)
Event: 0.533 Thread 0x000000001defb000 nmethod 358 0x0000000003248390 code [0x0000000003248520, 0x0000000003248a38]
Event: 0.533 Thread 0x000000001defb000  357       3       java.util.HashMap::afterNodeAccess (1 bytes)
Event: 0.533 Thread 0x000000001defb000 nmethod 357 0x0000000003244990 code [0x0000000003244ae0, 0x0000000003244c30]
Event: 0.534 Thread 0x000000001def9800 nmethod 349 0x0000000003247c10 code [0x0000000003247d60, 0x00000000032481d8]
Event: 0.534 Thread 0x000000001dee9000  359       4       java.lang.AbstractStringBuilder::append (50 bytes)
Event: 0.535 Thread 0x000000001defb000  360       3       sun.net.www.protocol.file.Handler::parseURL (18 bytes)
Event: 0.536 Thread 0x000000001defb000 nmethod 360 0x0000000003247650 code [0x00000000032477c0, 0x0000000003247a38]
Event: 0.536 Thread 0x000000001defb000  361       3       java.net.URLStreamHandler::parseURL (1158 bytes)
Event: 0.537 Thread 0x000000001dee9000 nmethod 359 0x000000000324e410 code [0x000000000324e560, 0x000000000324e938]

GC Heap History (0 events):
No events

Deoptimization events (0 events):
No events

Internal exceptions (10 events):
Event: 0.535 Thread 0x0000000002afd800 Exception <a 'java/security/PrivilegedActionException'> (0x000000076e94b0c8) thrown at [C:\workspace\8-2-build-windows-amd64-cygwin\jdk8u31\2394\hotspot\src\share\vm\prims\jvm.cpp, line 1312]
Event: 0.535 Thread 0x0000000002afd800 Exception <a 'java/security/PrivilegedActionException'> (0x000000076e94b6e8) thrown at [C:\workspace\8-2-build-windows-amd64-cygwin\jdk8u31\2394\hotspot\src\share\vm\prims\jvm.cpp, line 1312]
Event: 0.536 Thread 0x0000000002afd800 Exception <a 'java/security/PrivilegedActionException'> (0x000000076e95ccc0) thrown at [C:\workspace\8-2-build-windows-amd64-cygwin\jdk8u31\2394\hotspot\src\share\vm\prims\jvm.cpp, line 1312]
Event: 0.536 Thread 0x0000000002afd800 Exception <a 'java/security/PrivilegedActionException'> (0x000000076e95d280) thrown at [C:\workspace\8-2-build-windows-amd64-cygwin\jdk8u31\2394\hotspot\src\share\vm\prims\jvm.cpp, line 1312]
Event: 0.536 Thread 0x0000000002afd800 Exception <a 'java/security/PrivilegedActionException'> (0x000000076e9670a8) thrown at [C:\workspace\8-2-build-windows-amd64-cygwin\jdk8u31\2394\hotspot\src\share\vm\prims\jvm.cpp, line 1312]
Event: 0.536 Thread 0x0000000002afd800 Exception <a 'java/security/PrivilegedActionException'> (0x000000076e967628) thrown at [C:\workspace\8-2-build-windows-amd64-cygwin\jdk8u31\2394\hotspot\src\share\vm\prims\jvm.cpp, line 1312]
Event: 0.537 Thread 0x0000000002afd800 Exception <a 'java/security/PrivilegedActionException'> (0x000000076e974908) thrown at [C:\workspace\8-2-build-windows-amd64-cygwin\jdk8u31\2394\hotspot\src\share\vm\prims\jvm.cpp, line 1312]
Event: 0.537 Thread 0x0000000002afd800 Exception <a 'java/security/PrivilegedActionException'> (0x000000076e974f88) thrown at [C:\workspace\8-2-build-windows-amd64-cygwin\jdk8u31\2394\hotspot\src\share\vm\prims\jvm.cpp, line 1312]
Event: 0.538 Thread 0x0000000002afd800 Exception <a 'java/security/PrivilegedActionException'> (0x000000076e97a9c0) thrown at [C:\workspace\8-2-build-windows-amd64-cygwin\jdk8u31\2394\hotspot\src\share\vm\prims\jvm.cpp, line 1312]
Event: 0.538 Thread 0x0000000002afd800 Exception <a 'java/security/PrivilegedActionException'> (0x000000076e97b330) thrown at [C:\workspace\8-2-build-windows-amd64-cygwin\jdk8u31\2394\hotspot\src\share\vm\prims\jvm.cpp, line 1312]

Events (10 events):
Event: 0.536 loading class org/codehaus/plexus/util/IOUtil
Event: 0.536 loading class org/codehaus/plexus/util/IOUtil done
Event: 0.537 loading class java/io/StringWriter
Event: 0.537 loading class java/io/StringWriter done
Event: 0.537 loading class java/io/StringReader
Event: 0.537 loading class java/io/StringReader done
Event: 0.537 loading class org/apache/maven/cli/logging/impl/Slf4jSimpleConfiguration
Event: 0.537 loading class org/apache/maven/cli/logging/impl/Slf4jSimpleConfiguration done
Event: 0.538 loading class org/apache/maven/cli/logging/BaseSlf4jConfiguration
Event: 0.538 loading class org/apache/maven/cli/logging/BaseSlf4jConfiguration done


Dynamic libraries:
0x00007ff6c06d0000 - 0x00007ff6c0704000 	C:\Program Files\Java\jdk1.8.0_31\bin\java.exe
0x00007ffdbffc0000 - 0x00007ffdc01b0000 	C:\Windows\SYSTEM32\ntdll.dll
0x00007ffdbe140000 - 0x00007ffdbe1f2000 	C:\Windows\System32\KERNEL32.DLL
0x00007ffdbd0c0000 - 0x00007ffdbd365000 	C:\Windows\System32\KERNELBASE.dll
0x00007ffdbe460000 - 0x00007ffdbe503000 	C:\Windows\System32\ADVAPI32.dll
0x00007ffdbe360000 - 0x00007ffdbe3fe000 	C:\Windows\System32\msvcrt.dll
0x00007ffdbe510000 - 0x00007ffdbe5a7000 	C:\Windows\System32\sechost.dll
0x00007ffdbf5e0000 - 0x00007ffdbf6ff000 	C:\Windows\System32\RPCRT4.dll
0x00007ffdbf700000 - 0x00007ffdbf894000 	C:\Windows\System32\USER32.dll
0x00007ffdbd090000 - 0x00007ffdbd0b1000 	C:\Windows\System32\win32u.dll
0x00007ffdbff50000 - 0x00007ffdbff76000 	C:\Windows\System32\GDI32.dll
0x00007ffdbde00000 - 0x00007ffdbdf98000 	C:\Windows\System32\gdi32full.dll
0x00007ffdbdfa0000 - 0x00007ffdbe03e000 	C:\Windows\System32\msvcp_win.dll
0x00007ffdbdd00000 - 0x00007ffdbddfa000 	C:\Windows\System32\ucrtbase.dll
0x00007ffdaefd0000 - 0x00007ffdaf254000 	C:\Windows\WinSxS\amd64_microsoft.windows.common-controls_6595b64144ccf1df_6.0.18362.1440_none_9e7dbfb9e45e8e67\COMCTL32.dll
0x00007ffdbeca0000 - 0x00007ffdbefd6000 	C:\Windows\System32\combase.dll
0x00007ffdbd370000 - 0x00007ffdbd3f1000 	C:\Windows\System32\bcryptPrimitives.dll
0x00007ffdbf340000 - 0x00007ffdbf36e000 	C:\Windows\System32\IMM32.DLL
0x0000000058cd0000 - 0x0000000058da2000 	C:\Program Files\Java\jdk1.8.0_31\jre\bin\msvcr100.dll
0x0000000055ac0000 - 0x000000005631a000 	C:\Program Files\Java\jdk1.8.0_31\jre\bin\server\jvm.dll
0x00007ffdbff40000 - 0x00007ffdbff48000 	C:\Windows\System32\PSAPI.DLL
0x00007ffdb97c0000 - 0x00007ffdb97e4000 	C:\Windows\SYSTEM32\WINMM.dll
0x00007ffdabae0000 - 0x00007ffdabae9000 	C:\Windows\SYSTEM32\WSOCK32.dll
0x00007ffdb9790000 - 0x00007ffdb97bd000 	C:\Windows\SYSTEM32\winmmbase.dll
0x00007ffdbd460000 - 0x00007ffdbd4aa000 	C:\Windows\System32\cfgmgr32.dll
0x00007ffdbf260000 - 0x00007ffdbf2cf000 	C:\Windows\System32\WS2_32.dll
0x0000000058e70000 - 0x0000000058e7f000 	C:\Program Files\Java\jdk1.8.0_31\jre\bin\verify.dll
0x0000000058e40000 - 0x0000000058e68000 	C:\Program Files\Java\jdk1.8.0_31\jre\bin\java.dll
0x0000000058ca0000 - 0x0000000058cb6000 	C:\Program Files\Java\jdk1.8.0_31\jre\bin\zip.dll
0x00007ffdbe5b0000 - 0x00007ffdbec98000 	C:\Windows\System32\SHELL32.dll
0x00007ffdbf4a0000 - 0x00007ffdbf547000 	C:\Windows\System32\shcore.dll
0x00007ffdbd580000 - 0x00007ffdbdcfb000 	C:\Windows\System32\windows.storage.dll
0x00007ffdbced0000 - 0x00007ffdbceee000 	C:\Windows\System32\profapi.dll
0x00007ffdbce80000 - 0x00007ffdbceca000 	C:\Windows\System32\powrprof.dll
0x00007ffdbce70000 - 0x00007ffdbce80000 	C:\Windows\System32\UMPDC.dll
0x00007ffdbf2d0000 - 0x00007ffdbf322000 	C:\Windows\System32\shlwapi.dll
0x00007ffdbcf10000 - 0x00007ffdbcf21000 	C:\Windows\System32\kernel.appcore.dll
0x00007ffdbd560000 - 0x00007ffdbd577000 	C:\Windows\System32\cryptsp.dll
0x00007ffdbc230000 - 0x00007ffdbc263000 	C:\Windows\system32\rsaenh.dll
0x00007ffdbe040000 - 0x00007ffdbe066000 	C:\Windows\System32\bcrypt.dll
0x00007ffdbcd90000 - 0x00007ffdbcdb5000 	C:\Windows\SYSTEM32\USERENV.dll
0x00007ffdbc880000 - 0x00007ffdbc88c000 	C:\Windows\SYSTEM32\CRYPTBASE.dll
0x00000000588d0000 - 0x00000000588ea000 	C:\Program Files\Java\jdk1.8.0_31\jre\bin\net.dll
0x00007ffdbc6b0000 - 0x00007ffdbc717000 	C:\Windows\system32\mswsock.dll
0x00007ffdbc3c0000 - 0x00007ffdbc3fa000 	C:\Windows\SYSTEM32\IPHLPAPI.DLL
0x00007ffdbf5d0000 - 0x00007ffdbf5d8000 	C:\Windows\System32\NSI.dll
0x00007ffdb4f10000 - 0x00007ffdb4f26000 	C:\Windows\SYSTEM32\dhcpcsvc6.DLL
0x00007ffdb4ef0000 - 0x00007ffdb4f0c000 	C:\Windows\SYSTEM32\dhcpcsvc.DLL
0x00007ffdbc400000 - 0x00007ffdbc4cb000 	C:\Windows\SYSTEM32\DNSAPI.dll
0x00000000588a0000 - 0x00000000588b1000 	C:\Program Files\Java\jdk1.8.0_31\jre\bin\nio.dll
0x00007ffdbb7c0000 - 0x00007ffdbb7ca000 	C:\Users\39851\AppData\Local\Temp\jansi-1.17-8959029905983735188.dll
0x00007ffdbb7b0000 - 0x00007ffdbb7ba000 	C:\Users\39851\AppData\Local\Temp\jansi-1.17-4629976793067918900.dll

VM Arguments:
jvm_args: -Dmaven.multiModuleProjectDirectory=E:\VuePp\课程管理系统源码+数据库sql+文档\RainngCourse-master\RainngCourseBE -Dmaven.home=D:\Work\maven\apache-maven-3.5.3 -Dclassworlds.conf=D:\Work\maven\apache-maven-3.5.3\bin\m2.conf -Dmaven.ext.class.path=F:\IDEA开发工具\IntelliJ IDEA 2020.1\plugins\maven\lib\maven-event-listener.jar -Dfile.encoding=GBK 
java_command: org.codehaus.classworlds.Launcher -Didea.version2020.1 -s D:\Work\maven\apache-maven-3.5.3\conf\settings.xml -DskipTests=true install
java_class_path (initial): D:\Work\maven\apache-maven-3.5.3\boot\plexus-classworlds-2.5.2.jar
Launcher Type: SUN_STANDARD

Environment Variables:
JAVA_HOME=C:\Program Files\Java\jdk1.8.0_31
PATH=D:\app\39851\product\11.2.0\dbhome_2\bin;C:\Program Files\Java\jdk1.8.0_31\bin;C:\Windows\system32;C:\Windows;C:\Windows\System32\Wbem;C:\Windows\System32\WindowsPowerShell\v1.0\;C:\Windows\System32\OpenSSH\;C:\Program Files (x86)\NVIDIA Corporation\PhysX\Common;C:\Program Files\NVIDIA Corporation\NVIDIA NvDLISR;C:\Program Files\Git\cmd;D:\MySQL8.0\mysql-8.0.21-winx64\bin;C:\Program Files\TortoiseSVN\bin;D:\Work\maven\apache-maven-3.5.3\bin;D:\WebStorm\node\;D:\sdk\tools;D:\sdk\platform-tools;C:\Users\39851\.gradle\wrapper\dists\gradle-6.5-bin\6nifqtx7604sqp1q6g8wikw7p\gradle-6.5\bin;C:\Users\39851\AppData\Local\Microsoft\WindowsApps;D:\WebStorm\node\node_global;;D:\VsCode\vsCode\Microsoft VS Code\bin
USERNAME=39851
OS=Windows_NT
PROCESSOR_IDENTIFIER=AMD64 Family 23 Model 96 Stepping 1, AuthenticAMD



---------------  S Y S T E M  ---------------

OS: Windows 8.1 , 64 bit Build 9600 

CPU:total 12 (12 cores per cpu, 1 threads per core) family 23 model 96 stepping 1, cmov, cx8, fxsr, mmx, sse, sse2, sse3, ssse3, sse4.1, sse4.2, popcnt, avx, avx2, aes, clmul, mmxext, 3dnowpref, lzcnt, sse4a, tsc, tscinvbit, tscinv, bmi1

Memory: 4k page, physical 16119108k(5876796k free), swap 29226304k(2868k free)

vm_info: Java HotSpot(TM) 64-Bit Server VM (25.31-b07) for windows-amd64 JRE (1.8.0_31-b13), built on Dec 17 2014 21:00:28 by "java_re" with MS VC++ 10.0 (VS2010)

time: Tue Apr 13 12:01:12 2021
elapsed time: 0 seconds (0d 0h 0m 0s)

