#
# There is insufficient memory for the Java Runtime Environment to continue.
# Native memory allocation (malloc) failed to allocate 1455216 bytes for Chunk::new
# Possible reasons:
#   The system is out of physical RAM or swap space
#   In 32 bit mode, the process size limit was hit
# Possible solutions:
#   Reduce memory load on the system
#   Increase physical memory or swap space
#   Check if swap backing store is full
#   Use 64 bit Java on a 64 bit OS
#   Decrease Java heap size (-Xmx/-Xms)
#   Decrease number of Java threads
#   Decrease Java thread stack sizes (-Xss)
#   Set larger code cache with -XX:ReservedCodeCacheSize=
# This output file may be truncated or incomplete.
#
#  Out of Memory Error (allocation.cpp:390), pid=13696, tid=23444
#
# JRE version: Java(TM) SE Runtime Environment (8.0_31-b13) (build 1.8.0_31-b13)
# Java VM: Java HotSpot(TM) 64-Bit Server VM (25.31-b07 mixed mode windows-amd64 compressed oops)
# Failed to write core dump. Minidumps are not enabled by default on client versions of Windows
#

---------------  T H R E A D  ---------------

Current thread (0x000000001e31f000):  JavaThread "C2 CompilerThread1" daemon [_thread_in_native, id=23444, stack(0x000000001f910000,0x000000001fa10000)]

Stack: [0x000000001f910000,0x000000001fa10000]
Native frames: (J=compiled Java code, j=interpreted, Vv=VM code, C=native code)
V  [jvm.dll+0x3169ba]
V  [jvm.dll+0x2674c3]
V  [jvm.dll+0x268103]
V  [jvm.dll+0x25f8f5]
V  [jvm.dll+0xbf025]
V  [jvm.dll+0xbf4cc]
V  [jvm.dll+0x45df82]
V  [jvm.dll+0x49f21f]
V  [jvm.dll+0x452b35]
V  [jvm.dll+0x454124]
V  [jvm.dll+0x437c62]
V  [jvm.dll+0x988e2]
V  [jvm.dll+0x990d3]
V  [jvm.dll+0x22c194]
V  [jvm.dll+0x28576a]
C  [msvcr100.dll+0x21d9f]
C  [msvcr100.dll+0x21e3b]
C  [KERNEL32.DLL+0x17c24]
C  [ntdll.dll+0x6d721]


Current CompileTask:
C2:   7023 4905       4       lombok.javac.JavacAST::buildTree (10 bytes)


---------------  P R O C E S S  ---------------

Java Threads: ( => current thread )
  0x000000001e3c0000 JavaThread "Service Thread" daemon [_thread_blocked, id=19360, stack(0x000000001fc10000,0x000000001fd10000)]
  0x000000001e330000 JavaThread "C1 CompilerThread3" daemon [_thread_blocked, id=21168, stack(0x000000001fb10000,0x000000001fc10000)]
  0x000000001e326000 JavaThread "C2 CompilerThread2" daemon [_thread_in_native, id=25580, stack(0x000000001fa10000,0x000000001fb10000)]
=>0x000000001e31f000 JavaThread "C2 CompilerThread1" daemon [_thread_in_native, id=23444, stack(0x000000001f910000,0x000000001fa10000)]
  0x000000001e2cd000 JavaThread "C2 CompilerThread0" daemon [_thread_in_native, id=26908, stack(0x000000001f810000,0x000000001f910000)]
  0x000000001e31a800 JavaThread "Attach Listener" daemon [_thread_blocked, id=29012, stack(0x000000001f710000,0x000000001f810000)]
  0x000000001e319800 JavaThread "Signal Dispatcher" daemon [_thread_blocked, id=3408, stack(0x000000001f610000,0x000000001f710000)]
  0x000000000349a000 JavaThread "Finalizer" daemon [_thread_blocked, id=16240, stack(0x000000001f510000,0x000000001f610000)]
  0x000000001cbdc000 JavaThread "Reference Handler" daemon [_thread_blocked, id=29420, stack(0x000000001f410000,0x000000001f510000)]
  0x000000000329d800 JavaThread "main" [_thread_in_native, id=29836, stack(0x00000000032a0000,0x00000000033a0000)]

Other Threads:
  0x000000001e292800 VMThread [stack: 0x000000001f310000,0x000000001f410000] [id=2156]
  0x000000001e3c0800 WatcherThread [stack: 0x000000001fd10000,0x000000001fe10000] [id=12080]

VM state:not at safepoint (normal execution)

VM Mutex/Monitor currently owned by a thread: None

Heap:
 PSYoungGen      total 139776K, used 68302K [0x000000076e000000, 0x0000000778780000, 0x00000007c0000000)
  eden space 114688K, 41% used [0x000000076e000000,0x0000000770eb6328,0x0000000775000000)
  from space 25088K, 81% used [0x0000000775000000,0x00000007763fd638,0x0000000776880000)
  to   space 23552K, 0% used [0x0000000776880000,0x0000000776880000,0x0000000777f80000)
 ParOldGen       total 226816K, used 20401K [0x00000006ca000000, 0x00000006d7d80000, 0x000000076e000000)
  object space 226816K, 8% used [0x00000006ca000000,0x00000006cb3ec410,0x00000006d7d80000)
 Metaspace       used 24738K, capacity 25442K, committed 25648K, reserved 1075200K
  class space    used 2848K, capacity 3012K, committed 3120K, reserved 1048576K

Card table byte_map: [0x0000000012860000,0x0000000013020000] byte_map_base: 0x000000000f210000

Marking Bits: (ParMarkBitMap*) 0x000000005629d4f0
 Begin Bits: [0x0000000013f40000, 0x0000000017cc0000)
 End Bits:   [0x0000000017cc0000, 0x000000001ba40000)

Polling page: 0x0000000000dc0000

CodeCache: size=245760Kb used=17576Kb max_used=17576Kb free=228183Kb
 bounds [0x00000000034a0000, 0x00000000045e0000, 0x00000000124a0000]
 total_blobs=5253 nmethods=4844 adapters=321
 compilation: enabled

Compilation events (10 events):
Event: 6.989 Thread 0x000000001e330000 5266       3       java.util.RegularEnumSet$EnumSetIterator::<init> (23 bytes)
Event: 6.989 Thread 0x000000001e330000 nmethod 5266 0x00000000045d05d0 code [0x00000000045d0740, 0x00000000045d0990]
Event: 6.989 Thread 0x000000001e330000 5267       3       java.util.RegularEnumSet::access$000 (5 bytes)
Event: 6.989 Thread 0x000000001e330000 nmethod 5267 0x00000000045d0290 code [0x00000000045d03e0, 0x00000000045d0510]
Event: 6.995 Thread 0x000000001e330000 5268       3       java.lang.Enum::getDeclaringClass (22 bytes)
Event: 6.995 Thread 0x000000001e330000 nmethod 5268 0x00000000045d2650 code [0x00000000045d27c0, 0x00000000045d2ac8]
Event: 6.995 Thread 0x000000001e330000 5269   !   3       java.util.EnumSet::clone (18 bytes)
Event: 6.995 Thread 0x000000001e330000 nmethod 5269 0x00000000045d2050 code [0x00000000045d21e0, 0x00000000045d2518]
Event: 6.999 Thread 0x000000001e330000 5270       3       com.sun.tools.javac.code.Symbol$TypeSymbol::formFullName (81 bytes)
Event: 6.999 Thread 0x000000001e330000 nmethod 5270 0x00000000045d15d0 code [0x00000000045d1780, 0x00000000045d1e48]

GC Heap History (10 events):
Event: 3.928 GC heap before
{Heap before GC invocations=7 (full 1):
 PSYoungGen      total 85504K, used 53733K [0x000000076e000000, 0x0000000776380000, 0x00000007c0000000)
  eden space 75264K, 57% used [0x000000076e000000,0x0000000770a816a0,0x0000000772980000)
  from space 10240K, 99% used [0x0000000772980000,0x0000000773378020,0x0000000773380000)
  to   space 21504K, 0% used [0x0000000774e80000,0x0000000774e80000,0x0000000776380000)
 ParOldGen       total 118272K, used 10880K [0x00000006ca000000, 0x00000006d1380000, 0x000000076e000000)
  object space 118272K, 9% used [0x00000006ca000000,0x00000006caaa01d8,0x00000006d1380000)
 Metaspace       used 20642K, capacity 21136K, committed 21296K, reserved 1071104K
  class space    used 2451K, capacity 2587K, committed 2608K, reserved 1048576K
Event: 3.935 GC heap after
Heap after GC invocations=7 (full 1):
 PSYoungGen      total 113664K, used 12711K [0x000000076e000000, 0x0000000776500000, 0x00000007c0000000)
  eden space 92160K, 0% used [0x000000076e000000,0x000000076e000000,0x0000000773a00000)
  from space 21504K, 59% used [0x0000000774e80000,0x0000000775ae9de8,0x0000000776380000)
  to   space 20992K, 0% used [0x0000000773a00000,0x0000000773a00000,0x0000000774e80000)
 ParOldGen       total 118272K, used 10888K [0x00000006ca000000, 0x00000006d1380000, 0x000000076e000000)
  object space 118272K, 9% used [0x00000006ca000000,0x00000006caaa21d8,0x00000006d1380000)
 Metaspace       used 20642K, capacity 21136K, committed 21296K, reserved 1071104K
  class space    used 2451K, capacity 2587K, committed 2608K, reserved 1048576K
}
Event: 3.935 GC heap before
{Heap before GC invocations=8 (full 2):
 PSYoungGen      total 113664K, used 12711K [0x000000076e000000, 0x0000000776500000, 0x00000007c0000000)
  eden space 92160K, 0% used [0x000000076e000000,0x000000076e000000,0x0000000773a00000)
  from space 21504K, 59% used [0x0000000774e80000,0x0000000775ae9de8,0x0000000776380000)
  to   space 20992K, 0% used [0x0000000773a00000,0x0000000773a00000,0x0000000774e80000)
 ParOldGen       total 118272K, used 10888K [0x00000006ca000000, 0x00000006d1380000, 0x000000076e000000)
  object space 118272K, 9% used [0x00000006ca000000,0x00000006caaa21d8,0x00000006d1380000)
 Metaspace       used 20642K, capacity 21136K, committed 21296K, reserved 1071104K
  class space    used 2451K, capacity 2587K, committed 2608K, reserved 1048576K
Event: 4.005 GC heap after
Heap after GC invocations=8 (full 2):
 PSYoungGen      total 113664K, used 0K [0x000000076e000000, 0x0000000776500000, 0x00000007c0000000)
  eden space 92160K, 0% used [0x000000076e000000,0x000000076e000000,0x0000000773a00000)
  from space 21504K, 0% used [0x0000000774e80000,0x0000000774e80000,0x0000000776380000)
  to   space 20992K, 0% used [0x0000000773a00000,0x0000000773a00000,0x0000000774e80000)
 ParOldGen       total 226816K, used 20377K [0x00000006ca000000, 0x00000006d7d80000, 0x000000076e000000)
  object space 226816K, 8% used [0x00000006ca000000,0x00000006cb3e6410,0x00000006d7d80000)
 Metaspace       used 20642K, capacity 21136K, committed 21296K, reserved 1071104K
  class space    used 2451K, capacity 2587K, committed 2608K, reserved 1048576K
}
Event: 5.748 GC heap before
{Heap before GC invocations=9 (full 2):
 PSYoungGen      total 113664K, used 92160K [0x000000076e000000, 0x0000000776500000, 0x00000007c0000000)
  eden space 92160K, 100% used [0x000000076e000000,0x0000000773a00000,0x0000000773a00000)
  from space 21504K, 0% used [0x0000000774e80000,0x0000000774e80000,0x0000000776380000)
  to   space 20992K, 0% used [0x0000000773a00000,0x0000000773a00000,0x0000000774e80000)
 ParOldGen       total 226816K, used 20377K [0x00000006ca000000, 0x00000006d7d80000, 0x000000076e000000)
  object space 226816K, 8% used [0x00000006ca000000,0x00000006cb3e6410,0x00000006d7d80000)
 Metaspace       used 24152K, capacity 24730K, committed 25008K, reserved 1075200K
  class space    used 2787K, capacity 2952K, committed 2992K, reserved 1048576K
Event: 5.758 GC heap after
Heap after GC invocations=9 (full 2):
 PSYoungGen      total 113152K, used 18502K [0x000000076e000000, 0x0000000777f80000, 0x00000007c0000000)
  eden space 92160K, 0% used [0x000000076e000000,0x000000076e000000,0x0000000773a00000)
  from space 20992K, 88% used [0x0000000773a00000,0x0000000774c119f8,0x0000000774e80000)
  to   space 23552K, 0% used [0x0000000776880000,0x0000000776880000,0x0000000777f80000)
 ParOldGen       total 226816K, used 20385K [0x00000006ca000000, 0x00000006d7d80000, 0x000000076e000000)
  object space 226816K, 8% used [0x00000006ca000000,0x00000006cb3e8410,0x00000006d7d80000)
 Metaspace       used 24152K, capacity 24730K, committed 25008K, reserved 1075200K
  class space    used 2787K, capacity 2952K, committed 2992K, reserved 1048576K
}
Event: 6.287 GC heap before
{Heap before GC invocations=10 (full 2):
 PSYoungGen      total 113152K, used 110662K [0x000000076e000000, 0x0000000777f80000, 0x00000007c0000000)
  eden space 92160K, 100% used [0x000000076e000000,0x0000000773a00000,0x0000000773a00000)
  from space 20992K, 88% used [0x0000000773a00000,0x0000000774c119f8,0x0000000774e80000)
  to   space 23552K, 0% used [0x0000000776880000,0x0000000776880000,0x0000000777f80000)
 ParOldGen       total 226816K, used 20385K [0x00000006ca000000, 0x00000006d7d80000, 0x000000076e000000)
  object space 226816K, 8% used [0x00000006ca000000,0x00000006cb3e8410,0x00000006d7d80000)
 Metaspace       used 24619K, capacity 25296K, committed 25648K, reserved 1075200K
  class space    used 2839K, capacity 3009K, committed 3120K, reserved 1048576K
Event: 6.297 GC heap after
Heap after GC invocations=10 (full 2):
 PSYoungGen      total 138240K, used 18239K [0x000000076e000000, 0x0000000778780000, 0x00000007c0000000)
  eden space 114688K, 0% used [0x000000076e000000,0x000000076e000000,0x0000000775000000)
  from space 23552K, 77% used [0x0000000776880000,0x0000000777a4fce8,0x0000000777f80000)
  to   space 25088K, 0% used [0x0000000775000000,0x0000000775000000,0x0000000776880000)
 ParOldGen       total 226816K, used 20393K [0x00000006ca000000, 0x00000006d7d80000, 0x000000076e000000)
  object space 226816K, 8% used [0x00000006ca000000,0x00000006cb3ea410,0x00000006d7d80000)
 Metaspace       used 24619K, capacity 25296K, committed 25648K, reserved 1075200K
  class space    used 2839K, capacity 3009K, committed 3120K, reserved 1048576K
}
Event: 6.838 GC heap before
{Heap before GC invocations=11 (full 2):
 PSYoungGen      total 138240K, used 132927K [0x000000076e000000, 0x0000000778780000, 0x00000007c0000000)
  eden space 114688K, 100% used [0x000000076e000000,0x0000000775000000,0x0000000775000000)
  from space 23552K, 77% used [0x0000000776880000,0x0000000777a4fce8,0x0000000777f80000)
  to   space 25088K, 0% used [0x0000000775000000,0x0000000775000000,0x0000000776880000)
 ParOldGen       total 226816K, used 20393K [0x00000006ca000000, 0x00000006d7d80000, 0x000000076e000000)
  object space 226816K, 8% used [0x00000006ca000000,0x00000006cb3ea410,0x00000006d7d80000)
 Metaspace       used 24690K, capacity 25378K, committed 25648K, reserved 1075200K
  class space    used 2841K, capacity 3012K, committed 3120K, reserved 1048576K
Event: 6.847 GC heap after
Heap after GC invocations=11 (full 2):
 PSYoungGen      total 139776K, used 20469K [0x000000076e000000, 0x0000000778780000, 0x00000007c0000000)
  eden space 114688K, 0% used [0x000000076e000000,0x000000076e000000,0x0000000775000000)
  from space 25088K, 81% used [0x0000000775000000,0x00000007763fd638,0x0000000776880000)
  to   space 23552K, 0% used [0x0000000776880000,0x0000000776880000,0x0000000777f80000)
 ParOldGen       total 226816K, used 20401K [0x00000006ca000000, 0x00000006d7d80000, 0x000000076e000000)
  object space 226816K, 8% used [0x00000006ca000000,0x00000006cb3ec410,0x00000006d7d80000)
 Metaspace       used 24690K, capacity 25378K, committed 25648K, reserved 1075200K
  class space    used 2841K, capacity 3012K, committed 3120K, reserved 1048576K
}

Deoptimization events (10 events):
Event: 5.559 Thread 0x000000000329d800 Uncommon trap: reason=bimorphic action=maybe_recompile pc=0x0000000003ac3e44 method=java.util.regex.Pattern$5.isSatisfiedBy(I)Z @ 5
Event: 5.576 Thread 0x000000000329d800 Uncommon trap: reason=unreached action=reinterpret pc=0x0000000003b9d0d4 method=java.util.HashMap.hash(Ljava/lang/Object;)I @ 1
Event: 5.580 Thread 0x000000000329d800 Uncommon trap: reason=unreached action=reinterpret pc=0x0000000003b5c004 method=java.util.HashMap.hash(Ljava/lang/Object;)I @ 1
Event: 5.933 Thread 0x000000000329d800 Uncommon trap: reason=class_check action=maybe_recompile pc=0x0000000003d4cbd8 method=java.util.regex.Pattern$Branch.match(Ljava/util/regex/Matcher;ILjava/lang/CharSequence;)Z @ 50
Event: 5.951 Thread 0x000000000329d800 Uncommon trap: reason=class_check action=maybe_recompile pc=0x0000000003d4cbd8 method=java.util.regex.Pattern$Branch.match(Ljava/util/regex/Matcher;ILjava/lang/CharSequence;)Z @ 50
Event: 6.109 Thread 0x000000000329d800 Uncommon trap: reason=class_check action=maybe_recompile pc=0x0000000003d4cbd8 method=java.util.regex.Pattern$Branch.match(Ljava/util/regex/Matcher;ILjava/lang/CharSequence;)Z @ 50
Event: 6.109 Thread 0x000000000329d800 Uncommon trap: reason=class_check action=maybe_recompile pc=0x0000000003d4cbd8 method=java.util.regex.Pattern$Branch.match(Ljava/util/regex/Matcher;ILjava/lang/CharSequence;)Z @ 50
Event: 6.964 Thread 0x000000000329d800 Uncommon trap: reason=class_check action=maybe_recompile pc=0x00000000044c7c1c method=com.sun.tools.javac.util.ListBuffer.next()Ljava/lang/Object; @ 12
Event: 6.964 Thread 0x000000000329d800 Uncommon trap: reason=unreached action=reinterpret pc=0x00000000043b01a4 method=com.sun.tools.javac.code.Symbol$TypeSymbol.formFullName(Lcom/sun/tools/javac/util/Name;Lcom/sun/tools/javac/code/Symbol;)Lcom/sun/tools/javac/util/Name; @ 1
Event: 6.966 Thread 0x000000000329d800 Uncommon trap: reason=unreached action=reinterpret pc=0x00000000044acafc method=com.sun.tools.javac.tree.TreeScanner.scan(Lcom/sun/tools/javac/util/List;)V @ 1

Internal exceptions (10 events):
Event: 6.963 Thread 0x000000000329d800 Exception <a 'java/security/PrivilegedActionException'> (0x0000000770d30960) thrown at [C:\workspace\8-2-build-windows-amd64-cygwin\jdk8u31\2394\hotspot\src\share\vm\prims\jvm.cpp, line 1312]
Event: 6.963 Thread 0x000000000329d800 Exception <a 'java/security/PrivilegedActionException'> (0x0000000770d31320) thrown at [C:\workspace\8-2-build-windows-amd64-cygwin\jdk8u31\2394\hotspot\src\share\vm\prims\jvm.cpp, line 1312]
Event: 6.963 Thread 0x000000000329d800 Exception <a 'java/security/PrivilegedActionException'> (0x0000000770d339e8) thrown at [C:\workspace\8-2-build-windows-amd64-cygwin\jdk8u31\2394\hotspot\src\share\vm\prims\jvm.cpp, line 1312]
Event: 6.963 Thread 0x000000000329d800 Exception <a 'java/security/PrivilegedActionException'> (0x0000000770d34368) thrown at [C:\workspace\8-2-build-windows-amd64-cygwin\jdk8u31\2394\hotspot\src\share\vm\prims\jvm.cpp, line 1312]
Event: 6.963 Thread 0x000000000329d800 Exception <a 'java/security/PrivilegedActionException'> (0x0000000770d38b80) thrown at [C:\workspace\8-2-build-windows-amd64-cygwin\jdk8u31\2394\hotspot\src\share\vm\prims\jvm.cpp, line 1312]
Event: 6.963 Thread 0x000000000329d800 Exception <a 'java/security/PrivilegedActionException'> (0x0000000770d394a0) thrown at [C:\workspace\8-2-build-windows-amd64-cygwin\jdk8u31\2394\hotspot\src\share\vm\prims\jvm.cpp, line 1312]
Event: 6.963 Thread 0x000000000329d800 Exception <a 'java/security/PrivilegedActionException'> (0x0000000770d3b498) thrown at [C:\workspace\8-2-build-windows-amd64-cygwin\jdk8u31\2394\hotspot\src\share\vm\prims\jvm.cpp, line 1312]
Event: 6.963 Thread 0x000000000329d800 Exception <a 'java/security/PrivilegedActionException'> (0x0000000770d3be30) thrown at [C:\workspace\8-2-build-windows-amd64-cygwin\jdk8u31\2394\hotspot\src\share\vm\prims\jvm.cpp, line 1312]
Event: 6.963 Thread 0x000000000329d800 Exception <a 'java/security/PrivilegedActionException'> (0x0000000770d3c7c8) thrown at [C:\workspace\8-2-build-windows-amd64-cygwin\jdk8u31\2394\hotspot\src\share\vm\prims\jvm.cpp, line 1312]
Event: 6.964 Thread 0x000000000329d800 Implicit null exception at 0x00000000043afcf1 to 0x00000000043b018d

Events (10 events):
Event: 6.963 loading class lombok/launch/AnnotationProcessorHider$ClaimingProcessor done
Event: 6.964 Thread 0x000000000329d800 Uncommon trap: trap_request=0xffffffde fr.pc=0x00000000044c7c1c
Event: 6.964 Thread 0x000000000329d800 DEOPT PACKING pc=0x00000000044c7c1c sp=0x000000000339dde0
Event: 6.964 Thread 0x000000000329d800 DEOPT UNPACKING pc=0x00000000034e556a sp=0x000000000339dd80 mode 2
Event: 6.964 Thread 0x000000000329d800 Uncommon trap: trap_request=0xffffffad fr.pc=0x00000000043b01a4
Event: 6.964 Thread 0x000000000329d800 DEOPT PACKING pc=0x00000000043b01a4 sp=0x000000000339d930
Event: 6.964 Thread 0x000000000329d800 DEOPT UNPACKING pc=0x00000000034e556a sp=0x000000000339d920 mode 2
Event: 6.966 Thread 0x000000000329d800 Uncommon trap: trap_request=0xffffffad fr.pc=0x00000000044acafc
Event: 6.966 Thread 0x000000000329d800 DEOPT PACKING pc=0x00000000044acafc sp=0x000000000339d430
Event: 6.966 Thread 0x000000000329d800 DEOPT UNPACKING pc=0x00000000034e556a sp=0x000000000339d3d0 mode 2


Dynamic libraries:
0x00007ff6c06d0000 - 0x00007ff6c0704000 	C:\Program Files\Java\jdk1.8.0_31\bin\java.exe
0x00007ffdbffc0000 - 0x00007ffdc01b0000 	C:\Windows\SYSTEM32\ntdll.dll
0x00007ffdbe140000 - 0x00007ffdbe1f2000 	C:\Windows\System32\KERNEL32.DLL
0x00007ffdbd0c0000 - 0x00007ffdbd365000 	C:\Windows\System32\KERNELBASE.dll
0x00007ffdbe460000 - 0x00007ffdbe503000 	C:\Windows\System32\ADVAPI32.dll
0x00007ffdbe360000 - 0x00007ffdbe3fe000 	C:\Windows\System32\msvcrt.dll
0x00007ffdbe510000 - 0x00007ffdbe5a7000 	C:\Windows\System32\sechost.dll
0x00007ffdbf5e0000 - 0x00007ffdbf6ff000 	C:\Windows\System32\RPCRT4.dll
0x00007ffdbf700000 - 0x00007ffdbf894000 	C:\Windows\System32\USER32.dll
0x00007ffdbd090000 - 0x00007ffdbd0b1000 	C:\Windows\System32\win32u.dll
0x00007ffdbff50000 - 0x00007ffdbff76000 	C:\Windows\System32\GDI32.dll
0x00007ffdbde00000 - 0x00007ffdbdf98000 	C:\Windows\System32\gdi32full.dll
0x00007ffdbdfa0000 - 0x00007ffdbe03e000 	C:\Windows\System32\msvcp_win.dll
0x00007ffdbdd00000 - 0x00007ffdbddfa000 	C:\Windows\System32\ucrtbase.dll
0x00007ffdaefd0000 - 0x00007ffdaf254000 	C:\Windows\WinSxS\amd64_microsoft.windows.common-controls_6595b64144ccf1df_6.0.18362.1440_none_9e7dbfb9e45e8e67\COMCTL32.dll
0x00007ffdbeca0000 - 0x00007ffdbefd6000 	C:\Windows\System32\combase.dll
0x00007ffdbd370000 - 0x00007ffdbd3f1000 	C:\Windows\System32\bcryptPrimitives.dll
0x00007ffdbf340000 - 0x00007ffdbf36e000 	C:\Windows\System32\IMM32.DLL
0x0000000058cd0000 - 0x0000000058da2000 	C:\Program Files\Java\jdk1.8.0_31\jre\bin\msvcr100.dll
0x0000000055ac0000 - 0x000000005631a000 	C:\Program Files\Java\jdk1.8.0_31\jre\bin\server\jvm.dll
0x00007ffdbff40000 - 0x00007ffdbff48000 	C:\Windows\System32\PSAPI.DLL
0x00007ffdb97c0000 - 0x00007ffdb97e4000 	C:\Windows\SYSTEM32\WINMM.dll
0x00007ffdabae0000 - 0x00007ffdabae9000 	C:\Windows\SYSTEM32\WSOCK32.dll
0x00007ffdbf260000 - 0x00007ffdbf2cf000 	C:\Windows\System32\WS2_32.dll
0x00007ffdb9790000 - 0x00007ffdb97bd000 	C:\Windows\SYSTEM32\winmmbase.dll
0x00007ffdbd460000 - 0x00007ffdbd4aa000 	C:\Windows\System32\cfgmgr32.dll
0x0000000058e70000 - 0x0000000058e7f000 	C:\Program Files\Java\jdk1.8.0_31\jre\bin\verify.dll
0x0000000058e40000 - 0x0000000058e68000 	C:\Program Files\Java\jdk1.8.0_31\jre\bin\java.dll
0x0000000058ca0000 - 0x0000000058cb6000 	C:\Program Files\Java\jdk1.8.0_31\jre\bin\zip.dll
0x00007ffdbe5b0000 - 0x00007ffdbec98000 	C:\Windows\System32\SHELL32.dll
0x00007ffdbf4a0000 - 0x00007ffdbf547000 	C:\Windows\System32\shcore.dll
0x00007ffdbd580000 - 0x00007ffdbdcfb000 	C:\Windows\System32\windows.storage.dll
0x00007ffdbced0000 - 0x00007ffdbceee000 	C:\Windows\System32\profapi.dll
0x00007ffdbce80000 - 0x00007ffdbceca000 	C:\Windows\System32\powrprof.dll
0x00007ffdbce70000 - 0x00007ffdbce80000 	C:\Windows\System32\UMPDC.dll
0x00007ffdbf2d0000 - 0x00007ffdbf322000 	C:\Windows\System32\shlwapi.dll
0x00007ffdbcf10000 - 0x00007ffdbcf21000 	C:\Windows\System32\kernel.appcore.dll
0x00007ffdbd560000 - 0x00007ffdbd577000 	C:\Windows\System32\cryptsp.dll
0x00007ffdbc230000 - 0x00007ffdbc263000 	C:\Windows\system32\rsaenh.dll
0x00007ffdbe040000 - 0x00007ffdbe066000 	C:\Windows\System32\bcrypt.dll
0x00007ffdbcd90000 - 0x00007ffdbcdb5000 	C:\Windows\SYSTEM32\USERENV.dll
0x00007ffdbc880000 - 0x00007ffdbc88c000 	C:\Windows\SYSTEM32\CRYPTBASE.dll
0x00000000588d0000 - 0x00000000588ea000 	C:\Program Files\Java\jdk1.8.0_31\jre\bin\net.dll
0x00007ffdbc6b0000 - 0x00007ffdbc717000 	C:\Windows\system32\mswsock.dll
0x00007ffdbc3c0000 - 0x00007ffdbc3fa000 	C:\Windows\SYSTEM32\IPHLPAPI.DLL
0x00007ffdbf5d0000 - 0x00007ffdbf5d8000 	C:\Windows\System32\NSI.dll
0x00007ffdb4f10000 - 0x00007ffdb4f26000 	C:\Windows\SYSTEM32\dhcpcsvc6.DLL
0x00007ffdb4ef0000 - 0x00007ffdb4f0c000 	C:\Windows\SYSTEM32\dhcpcsvc.DLL
0x00007ffdbc400000 - 0x00007ffdbc4cb000 	C:\Windows\SYSTEM32\DNSAPI.dll
0x00000000588a0000 - 0x00000000588b1000 	C:\Program Files\Java\jdk1.8.0_31\jre\bin\nio.dll
0x00007ffdbb7c0000 - 0x00007ffdbb7ca000 	C:\Users\39851\AppData\Local\Temp\jansi-1.17-4301639169421490875.dll
0x00007ffdbb7b0000 - 0x00007ffdbb7ba000 	C:\Users\39851\AppData\Local\Temp\jansi-1.17-6864407287524069915.dll
0x00007ffdbb840000 - 0x00007ffdbba34000 	C:\Windows\SYSTEM32\dbghelp.dll

VM Arguments:
jvm_args: -Dmaven.multiModuleProjectDirectory=E:\VuePp\课程管理系统源码+数据库sql+文档\RainngCourse-master\RainngCourseBE -Dmaven.home=D:\Work\maven\apache-maven-3.5.3 -Dclassworlds.conf=D:\Work\maven\apache-maven-3.5.3\bin\m2.conf -Dmaven.ext.class.path=F:\IDEA开发工具\IntelliJ IDEA 2020.1\plugins\maven\lib\maven-event-listener.jar -Dfile.encoding=GBK 
java_command: org.codehaus.classworlds.Launcher -Didea.version2020.1 -s D:\Work\maven\apache-maven-3.5.3\conf\settings.xml -DskipTests=true install
java_class_path (initial): D:\Work\maven\apache-maven-3.5.3\boot\plexus-classworlds-2.5.2.jar
Launcher Type: SUN_STANDARD

Environment Variables:
JAVA_HOME=C:\Program Files\Java\jdk1.8.0_31
PATH=D:\app\39851\product\11.2.0\dbhome_2\bin;C:\Program Files\Java\jdk1.8.0_31\bin;C:\Windows\system32;C:\Windows;C:\Windows\System32\Wbem;C:\Windows\System32\WindowsPowerShell\v1.0\;C:\Windows\System32\OpenSSH\;C:\Program Files (x86)\NVIDIA Corporation\PhysX\Common;C:\Program Files\NVIDIA Corporation\NVIDIA NvDLISR;C:\Program Files\Git\cmd;D:\MySQL8.0\mysql-8.0.21-winx64\bin;C:\Program Files\TortoiseSVN\bin;D:\Work\maven\apache-maven-3.5.3\bin;D:\WebStorm\node\;D:\sdk\tools;D:\sdk\platform-tools;C:\Users\39851\.gradle\wrapper\dists\gradle-6.5-bin\6nifqtx7604sqp1q6g8wikw7p\gradle-6.5\bin;C:\Users\39851\AppData\Local\Microsoft\WindowsApps;D:\WebStorm\node\node_global;;D:\VsCode\vsCode\Microsoft VS Code\bin
USERNAME=39851
OS=Windows_NT
PROCESSOR_IDENTIFIER=AMD64 Family 23 Model 96 Stepping 1, AuthenticAMD



---------------  S Y S T E M  ---------------

OS: Windows 8.1 , 64 bit Build 9600 

CPU:total 12 (12 cores per cpu, 1 threads per core) family 23 model 96 stepping 1, cmov, cx8, fxsr, mmx, sse, sse2, sse3, ssse3, sse4.1, sse4.2, popcnt, avx, avx2, aes, clmul, mmxext, 3dnowpref, lzcnt, sse4a, tsc, tscinvbit, tscinv, bmi1

Memory: 4k page, physical 16119108k(6085888k free), swap 29226304k(8356k free)

vm_info: Java HotSpot(TM) 64-Bit Server VM (25.31-b07) for windows-amd64 JRE (1.8.0_31-b13), built on Dec 17 2014 21:00:28 by "java_re" with MS VC++ 10.0 (VS2010)

time: Tue Apr 13 11:59:03 2021
elapsed time: 7 seconds (0d 0h 0m 7s)

