#
# There is insufficient memory for the Java Runtime Environment to continue.
# Native memory allocation (malloc) failed to allocate 1051856 bytes for Chunk::new
# Possible reasons:
#   The system is out of physical RAM or swap space
#   In 32 bit mode, the process size limit was hit
# Possible solutions:
#   Reduce memory load on the system
#   Increase physical memory or swap space
#   Check if swap backing store is full
#   Use 64 bit Java on a 64 bit OS
#   Decrease Java heap size (-Xmx/-Xms)
#   Decrease number of Java threads
#   Decrease Java thread stack sizes (-Xss)
#   Set larger code cache with -XX:ReservedCodeCacheSize=
# This output file may be truncated or incomplete.
#
#  Out of Memory Error (allocation.cpp:390), pid=20820, tid=11880
#
# JRE version: Java(TM) SE Runtime Environment (8.0_31-b13) (build 1.8.0_31-b13)
# Java VM: Java HotSpot(TM) 64-Bit Server VM (25.31-b07 mixed mode windows-amd64 compressed oops)
# Failed to write core dump. Minidumps are not enabled by default on client versions of Windows
#

---------------  T H R E A D  ---------------

Current thread (0x000000001e5ba800):  JavaThread "C2 CompilerThread0" daemon [_thread_in_native, id=11880, stack(0x000000001fb20000,0x000000001fc20000)]

Stack: [0x000000001fb20000,0x000000001fc20000]
Native frames: (J=compiled Java code, j=interpreted, Vv=VM code, C=native code)
V  [jvm.dll+0x3169ba]
V  [jvm.dll+0x2674c3]
V  [jvm.dll+0x268103]
V  [jvm.dll+0x25f8f5]
V  [jvm.dll+0xbf025]
V  [jvm.dll+0xbf4cc]
V  [jvm.dll+0x45df82]
V  [jvm.dll+0x49f21f]
V  [jvm.dll+0x452f28]
V  [jvm.dll+0x454124]
V  [jvm.dll+0x437c62]
V  [jvm.dll+0x988e2]
V  [jvm.dll+0x990d3]
V  [jvm.dll+0x22c194]
V  [jvm.dll+0x28576a]
C  [msvcr100.dll+0x21d9f]
C  [msvcr100.dll+0x21e3b]
C  [KERNEL32.DLL+0x17c24]
C  [ntdll.dll+0x6d721]


Current CompileTask:
C2:   1363 1633   !   4       java.net.URL::<init> (543 bytes)


---------------  P R O C E S S  ---------------

Java Threads: ( => current thread )
  0x000000001e69e800 JavaThread "Service Thread" daemon [_thread_blocked, id=5848, stack(0x000000001ff20000,0x0000000020020000)]
  0x000000001e61a800 JavaThread "C1 CompilerThread3" daemon [_thread_in_vm, id=28776, stack(0x000000001fe20000,0x000000001ff20000)]
  0x000000001e619800 JavaThread "C2 CompilerThread2" daemon [_thread_blocked, id=15528, stack(0x000000001fd20000,0x000000001fe20000)]
  0x000000001e60f000 JavaThread "C2 CompilerThread1" daemon [_thread_in_native, id=900, stack(0x000000001fc20000,0x000000001fd20000)]
=>0x000000001e5ba800 JavaThread "C2 CompilerThread0" daemon [_thread_in_native, id=11880, stack(0x000000001fb20000,0x000000001fc20000)]
  0x000000001e60a800 JavaThread "Attach Listener" daemon [_thread_blocked, id=10904, stack(0x000000001fa20000,0x000000001fb20000)]
  0x000000001e609800 JavaThread "Signal Dispatcher" daemon [_thread_blocked, id=16644, stack(0x000000001f920000,0x000000001fa20000)]
  0x000000000378b000 JavaThread "Finalizer" daemon [_thread_blocked, id=29892, stack(0x000000001f820000,0x000000001f920000)]
  0x0000000003784000 JavaThread "Reference Handler" daemon [_thread_blocked, id=28428, stack(0x000000001f720000,0x000000001f820000)]
  0x000000000358d800 JavaThread "main" [_thread_in_vm, id=29484, stack(0x0000000003590000,0x0000000003690000)]

Other Threads:
  0x000000001e582800 VMThread [stack: 0x000000001f620000,0x000000001f720000] [id=30164]
  0x000000001e6af000 WatcherThread [stack: 0x0000000020020000,0x0000000020120000] [id=17780]

VM state:not at safepoint (normal execution)

VM Mutex/Monitor currently owned by a thread: None

Heap:
 PSYoungGen      total 73728K, used 36741K [0x000000076e000000, 0x0000000773200000, 0x00000007c0000000)
  eden space 63488K, 42% used [0x000000076e000000,0x000000076fa24618,0x0000000771e00000)
  from space 10240K, 97% used [0x0000000771e00000,0x00000007727bce88,0x0000000772800000)
  to   space 10240K, 0% used [0x0000000772800000,0x0000000772800000,0x0000000773200000)
 ParOldGen       total 167936K, used 16K [0x00000006ca000000, 0x00000006d4400000, 0x000000076e000000)
  object space 167936K, 0% used [0x00000006ca000000,0x00000006ca004000,0x00000006d4400000)
 Metaspace       used 14348K, capacity 14596K, committed 14720K, reserved 1062912K
  class space    used 1770K, capacity 1845K, committed 1920K, reserved 1048576K

Card table byte_map: [0x0000000012b50000,0x0000000013310000] byte_map_base: 0x000000000f500000

Marking Bits: (ParMarkBitMap*) 0x000000005629d4f0
 Begin Bits: [0x0000000014230000, 0x0000000017fb0000)
 End Bits:   [0x0000000017fb0000, 0x000000001bd30000)

Polling page: 0x0000000001310000

CodeCache: size=245760Kb used=5609Kb max_used=5617Kb free=240150Kb
 bounds [0x0000000003790000, 0x0000000003d20000, 0x0000000012790000]
 total_blobs=2026 nmethods=1670 adapters=270
 compilation: enabled

Compilation events (10 events):
Event: 1.344 Thread 0x000000001e61a800 1658   !   3       java.io.PrintStream::write (83 bytes)
Event: 1.345 Thread 0x000000001e61a800 nmethod 1658 0x0000000003d09850 code [0x0000000003d09a80, 0x0000000003d0a668]
Event: 1.345 Thread 0x000000001e61a800 1659       3       java.io.Writer::write (11 bytes)
Event: 1.345 Thread 0x000000001e61a800 nmethod 1659 0x0000000003d0ad90 code [0x0000000003d0af00, 0x0000000003d0b208]
Event: 1.345 Thread 0x000000001e61a800 1661       1       org.apache.commons.cli.Option::getLongOpt (5 bytes)
Event: 1.345 Thread 0x000000001e619800 nmethod 1636% 0x0000000003d0b350 code [0x0000000003d0b680, 0x0000000003d0cb70]
Event: 1.345 Thread 0x000000001e619800 1637       4       org.codehaus.plexus.util.xml.pull.MXParser::isWhitespace (116 bytes)
Event: 1.345 Thread 0x000000001e61a800 nmethod 1661 0x0000000003d05e50 code [0x0000000003d05fa0, 0x0000000003d060b0]
Event: 1.345 Thread 0x000000001e61a800 1663       1       org.apache.commons.cli.Option::getOpt (5 bytes)
Event: 1.345 Thread 0x000000001e61a800 nmethod 1663 0x0000000003d05b90 code [0x0000000003d05ce0, 0x0000000003d05df0]

GC Heap History (2 events):
Event: 1.068 GC heap before
{Heap before GC invocations=1 (full 0):
 PSYoungGen      total 73728K, used 63488K [0x000000076e000000, 0x0000000773200000, 0x00000007c0000000)
  eden space 63488K, 100% used [0x000000076e000000,0x0000000771e00000,0x0000000771e00000)
  from space 10240K, 0% used [0x0000000772800000,0x0000000772800000,0x0000000773200000)
  to   space 10240K, 0% used [0x0000000771e00000,0x0000000771e00000,0x0000000772800000)
 ParOldGen       total 167936K, used 0K [0x00000006ca000000, 0x00000006d4400000, 0x000000076e000000)
  object space 167936K, 0% used [0x00000006ca000000,0x00000006ca000000,0x00000006d4400000)
 Metaspace       used 11745K, capacity 11968K, committed 12032K, reserved 1060864K
  class space    used 1442K, capacity 1515K, committed 1536K, reserved 1048576K
Event: 1.074 GC heap after
Heap after GC invocations=1 (full 0):
 PSYoungGen      total 73728K, used 9971K [0x000000076e000000, 0x0000000773200000, 0x00000007c0000000)
  eden space 63488K, 0% used [0x000000076e000000,0x000000076e000000,0x0000000771e00000)
  from space 10240K, 97% used [0x0000000771e00000,0x00000007727bce88,0x0000000772800000)
  to   space 10240K, 0% used [0x0000000772800000,0x0000000772800000,0x0000000773200000)
 ParOldGen       total 167936K, used 16K [0x00000006ca000000, 0x00000006d4400000, 0x000000076e000000)
  object space 167936K, 0% used [0x00000006ca000000,0x00000006ca004000,0x00000006d4400000)
 Metaspace       used 11745K, capacity 11968K, committed 12032K, reserved 1060864K
  class space    used 1442K, capacity 1515K, committed 1536K, reserved 1048576K
}

Deoptimization events (7 events):
Event: 0.556 Thread 0x000000000358d800 Uncommon trap: reason=unloaded action=reinterpret pc=0x00000000038d4610 method=java.lang.CharacterData.of(I)Ljava/lang/CharacterData; @ 96
Event: 0.714 Thread 0x000000000358d800 Uncommon trap: reason=range_check action=make_not_entrant pc=0x0000000003a360e8 method=sun.reflect.generics.parser.SignatureParser.current()C @ 34
Event: 0.887 Thread 0x000000000358d800 Uncommon trap: reason=class_check action=maybe_recompile pc=0x0000000003b0a224 method=java.util.HashMap.putVal(ILjava/lang/Object;Ljava/lang/Object;ZZ)Ljava/lang/Object; @ 203
Event: 1.183 Thread 0x000000000358d800 Uncommon trap: reason=class_check action=maybe_recompile pc=0x0000000003b0a224 method=java.util.HashMap.putVal(ILjava/lang/Object;Ljava/lang/Object;ZZ)Ljava/lang/Object; @ 203
Event: 1.183 Thread 0x000000000358d800 Uncommon trap: reason=class_check action=maybe_recompile pc=0x0000000003b0a224 method=java.util.HashMap.putVal(ILjava/lang/Object;Ljava/lang/Object;ZZ)Ljava/lang/Object; @ 203
Event: 1.242 Thread 0x000000000358d800 Uncommon trap: reason=class_check action=maybe_recompile pc=0x0000000003b0a224 method=java.util.HashMap.putVal(ILjava/lang/Object;Ljava/lang/Object;ZZ)Ljava/lang/Object; @ 203
Event: 1.242 Thread 0x000000000358d800 Uncommon trap: reason=class_check action=maybe_recompile pc=0x0000000003b0096c method=java.util.HashMap.putVal(ILjava/lang/Object;Ljava/lang/Object;ZZ)Ljava/lang/Object; @ 203

Internal exceptions (10 events):
Event: 1.343 Thread 0x000000000358d800 Exception <a 'java/security/PrivilegedActionException'> (0x000000076f785438) thrown at [C:\workspace\8-2-build-windows-amd64-cygwin\jdk8u31\2394\hotspot\src\share\vm\prims\jvm.cpp, line 1312]
Event: 1.344 Thread 0x000000000358d800 Exception <a 'java/security/PrivilegedActionException'> (0x000000076f78ddd0) thrown at [C:\workspace\8-2-build-windows-amd64-cygwin\jdk8u31\2394\hotspot\src\share\vm\prims\jvm.cpp, line 1312]
Event: 1.344 Thread 0x000000000358d800 Exception <a 'java/security/PrivilegedActionException'> (0x000000076f790588) thrown at [C:\workspace\8-2-build-windows-amd64-cygwin\jdk8u31\2394\hotspot\src\share\vm\prims\jvm.cpp, line 1312]
Event: 1.344 Thread 0x000000000358d800 Exception <a 'java/security/PrivilegedActionException'> (0x000000076f791580) thrown at [C:\workspace\8-2-build-windows-amd64-cygwin\jdk8u31\2394\hotspot\src\share\vm\prims\jvm.cpp, line 1312]
Event: 1.344 Thread 0x000000000358d800 Exception <a 'java/security/PrivilegedActionException'> (0x000000076f793d80) thrown at [C:\workspace\8-2-build-windows-amd64-cygwin\jdk8u31\2394\hotspot\src\share\vm\prims\jvm.cpp, line 1312]
Event: 1.344 Thread 0x000000000358d800 Exception <a 'java/security/PrivilegedActionException'> (0x000000076f795570) thrown at [C:\workspace\8-2-build-windows-amd64-cygwin\jdk8u31\2394\hotspot\src\share\vm\prims\jvm.cpp, line 1312]
Event: 1.345 Thread 0x000000000358d800 Exception <a 'java/security/PrivilegedActionException'> (0x000000076f797940) thrown at [C:\workspace\8-2-build-windows-amd64-cygwin\jdk8u31\2394\hotspot\src\share\vm\prims\jvm.cpp, line 1312]
Event: 1.345 Thread 0x000000000358d800 Exception <a 'java/security/PrivilegedActionException'> (0x000000076f798040) thrown at [C:\workspace\8-2-build-windows-amd64-cygwin\jdk8u31\2394\hotspot\src\share\vm\prims\jvm.cpp, line 1312]
Event: 1.345 Thread 0x000000000358d800 Exception <a 'java/security/PrivilegedActionException'> (0x000000076f79cae0) thrown at [C:\workspace\8-2-build-windows-amd64-cygwin\jdk8u31\2394\hotspot\src\share\vm\prims\jvm.cpp, line 1312]
Event: 1.345 Thread 0x000000000358d800 Exception <a 'java/security/PrivilegedActionException'> (0x000000076f79d180) thrown at [C:\workspace\8-2-build-windows-amd64-cygwin\jdk8u31\2394\hotspot\src\share\vm\prims\jvm.cpp, line 1312]

Events (10 events):
Event: 1.344 loading class org/apache/maven/artifact/repository/layout/DefaultRepositoryLayout
Event: 1.344 loading class org/apache/maven/artifact/repository/layout/DefaultRepositoryLayout done
Event: 1.344 loading class org/apache/maven/artifact/repository/layout/DefaultRepositoryLayout
Event: 1.344 loading class org/apache/maven/artifact/repository/layout/DefaultRepositoryLayout done
Event: 1.344 loading class org/apache/maven/artifact/repository/layout/DefaultRepositoryLayout
Event: 1.344 loading class org/apache/maven/artifact/repository/layout/DefaultRepositoryLayout done
Event: 1.345 loading class org/apache/maven/artifact/repository/layout/ArtifactRepositoryLayout2
Event: 1.345 loading class org/apache/maven/artifact/repository/layout/ArtifactRepositoryLayout2 done
Event: 1.345 loading class org/apache/maven/artifact/repository/MavenArtifactRepository
Event: 1.345 loading class org/apache/maven/artifact/repository/MavenArtifactRepository done


Dynamic libraries:
0x00007ff6c06d0000 - 0x00007ff6c0704000 	C:\Program Files\Java\jdk1.8.0_31\bin\java.exe
0x00007ffdbffc0000 - 0x00007ffdc01b0000 	C:\Windows\SYSTEM32\ntdll.dll
0x00007ffdbe140000 - 0x00007ffdbe1f2000 	C:\Windows\System32\KERNEL32.DLL
0x00007ffdbd0c0000 - 0x00007ffdbd365000 	C:\Windows\System32\KERNELBASE.dll
0x00007ffdbe460000 - 0x00007ffdbe503000 	C:\Windows\System32\ADVAPI32.dll
0x00007ffdbe360000 - 0x00007ffdbe3fe000 	C:\Windows\System32\msvcrt.dll
0x00007ffdbe510000 - 0x00007ffdbe5a7000 	C:\Windows\System32\sechost.dll
0x00007ffdbf5e0000 - 0x00007ffdbf6ff000 	C:\Windows\System32\RPCRT4.dll
0x00007ffdbf700000 - 0x00007ffdbf894000 	C:\Windows\System32\USER32.dll
0x00007ffdbd090000 - 0x00007ffdbd0b1000 	C:\Windows\System32\win32u.dll
0x00007ffdbff50000 - 0x00007ffdbff76000 	C:\Windows\System32\GDI32.dll
0x00007ffdbde00000 - 0x00007ffdbdf98000 	C:\Windows\System32\gdi32full.dll
0x00007ffdbdfa0000 - 0x00007ffdbe03e000 	C:\Windows\System32\msvcp_win.dll
0x00007ffdbdd00000 - 0x00007ffdbddfa000 	C:\Windows\System32\ucrtbase.dll
0x00007ffdaefd0000 - 0x00007ffdaf254000 	C:\Windows\WinSxS\amd64_microsoft.windows.common-controls_6595b64144ccf1df_6.0.18362.1440_none_9e7dbfb9e45e8e67\COMCTL32.dll
0x00007ffdbeca0000 - 0x00007ffdbefd6000 	C:\Windows\System32\combase.dll
0x00007ffdbd370000 - 0x00007ffdbd3f1000 	C:\Windows\System32\bcryptPrimitives.dll
0x00007ffdbf340000 - 0x00007ffdbf36e000 	C:\Windows\System32\IMM32.DLL
0x0000000058cd0000 - 0x0000000058da2000 	C:\Program Files\Java\jdk1.8.0_31\jre\bin\msvcr100.dll
0x0000000055ac0000 - 0x000000005631a000 	C:\Program Files\Java\jdk1.8.0_31\jre\bin\server\jvm.dll
0x00007ffdbff40000 - 0x00007ffdbff48000 	C:\Windows\System32\PSAPI.DLL
0x00007ffdabae0000 - 0x00007ffdabae9000 	C:\Windows\SYSTEM32\WSOCK32.dll
0x00007ffdb97c0000 - 0x00007ffdb97e4000 	C:\Windows\SYSTEM32\WINMM.dll
0x00007ffdbf260000 - 0x00007ffdbf2cf000 	C:\Windows\System32\WS2_32.dll
0x00007ffdb9790000 - 0x00007ffdb97bd000 	C:\Windows\SYSTEM32\winmmbase.dll
0x00007ffdbd460000 - 0x00007ffdbd4aa000 	C:\Windows\System32\cfgmgr32.dll
0x0000000058e70000 - 0x0000000058e7f000 	C:\Program Files\Java\jdk1.8.0_31\jre\bin\verify.dll
0x0000000058e40000 - 0x0000000058e68000 	C:\Program Files\Java\jdk1.8.0_31\jre\bin\java.dll
0x0000000058ca0000 - 0x0000000058cb6000 	C:\Program Files\Java\jdk1.8.0_31\jre\bin\zip.dll
0x00007ffdbe5b0000 - 0x00007ffdbec98000 	C:\Windows\System32\SHELL32.dll
0x00007ffdbf4a0000 - 0x00007ffdbf547000 	C:\Windows\System32\shcore.dll
0x00007ffdbd580000 - 0x00007ffdbdcfb000 	C:\Windows\System32\windows.storage.dll
0x00007ffdbced0000 - 0x00007ffdbceee000 	C:\Windows\System32\profapi.dll
0x00007ffdbce80000 - 0x00007ffdbceca000 	C:\Windows\System32\powrprof.dll
0x00007ffdbce70000 - 0x00007ffdbce80000 	C:\Windows\System32\UMPDC.dll
0x00007ffdbf2d0000 - 0x00007ffdbf322000 	C:\Windows\System32\shlwapi.dll
0x00007ffdbcf10000 - 0x00007ffdbcf21000 	C:\Windows\System32\kernel.appcore.dll
0x00007ffdbd560000 - 0x00007ffdbd577000 	C:\Windows\System32\cryptsp.dll
0x00007ffdbc230000 - 0x00007ffdbc263000 	C:\Windows\system32\rsaenh.dll
0x00007ffdbe040000 - 0x00007ffdbe066000 	C:\Windows\System32\bcrypt.dll
0x00007ffdbcd90000 - 0x00007ffdbcdb5000 	C:\Windows\SYSTEM32\USERENV.dll
0x00007ffdbc880000 - 0x00007ffdbc88c000 	C:\Windows\SYSTEM32\CRYPTBASE.dll
0x00000000588d0000 - 0x00000000588ea000 	C:\Program Files\Java\jdk1.8.0_31\jre\bin\net.dll
0x00007ffdbc6b0000 - 0x00007ffdbc717000 	C:\Windows\system32\mswsock.dll
0x00007ffdbc3c0000 - 0x00007ffdbc3fa000 	C:\Windows\SYSTEM32\IPHLPAPI.DLL
0x00007ffdbf5d0000 - 0x00007ffdbf5d8000 	C:\Windows\System32\NSI.dll
0x00007ffdb4f10000 - 0x00007ffdb4f26000 	C:\Windows\SYSTEM32\dhcpcsvc6.DLL
0x00007ffdb4ef0000 - 0x00007ffdb4f0c000 	C:\Windows\SYSTEM32\dhcpcsvc.DLL
0x00007ffdbc400000 - 0x00007ffdbc4cb000 	C:\Windows\SYSTEM32\DNSAPI.dll
0x00000000588a0000 - 0x00000000588b1000 	C:\Program Files\Java\jdk1.8.0_31\jre\bin\nio.dll
0x00007ffdbb7c0000 - 0x00007ffdbb7ca000 	C:\Users\39851\AppData\Local\Temp\jansi-1.17-17053615846394983.dll
0x00007ffdbb7b0000 - 0x00007ffdbb7ba000 	C:\Users\39851\AppData\Local\Temp\jansi-1.17-7124973232030867247.dll
0x00007ffdbb840000 - 0x00007ffdbba34000 	C:\Windows\SYSTEM32\dbghelp.dll

VM Arguments:
jvm_args: -Dmaven.multiModuleProjectDirectory=E:\VuePp\课程管理系统源码+数据库sql+文档\RainngCourse-master\RainngCourseBE -Dmaven.home=D:\Work\maven\apache-maven-3.5.3 -Dclassworlds.conf=D:\Work\maven\apache-maven-3.5.3\bin\m2.conf -Dmaven.ext.class.path=F:\IDEA开发工具\IntelliJ IDEA 2020.1\plugins\maven\lib\maven-event-listener.jar -Dfile.encoding=GBK 
java_command: org.codehaus.classworlds.Launcher -Didea.version2020.1 -s D:\Work\maven\apache-maven-3.5.3\conf\settings.xml -DskipTests=true install
java_class_path (initial): D:\Work\maven\apache-maven-3.5.3\boot\plexus-classworlds-2.5.2.jar
Launcher Type: SUN_STANDARD

Environment Variables:
JAVA_HOME=C:\Program Files\Java\jdk1.8.0_31
PATH=D:\app\39851\product\11.2.0\dbhome_2\bin;C:\Program Files\Java\jdk1.8.0_31\bin;C:\Windows\system32;C:\Windows;C:\Windows\System32\Wbem;C:\Windows\System32\WindowsPowerShell\v1.0\;C:\Windows\System32\OpenSSH\;C:\Program Files (x86)\NVIDIA Corporation\PhysX\Common;C:\Program Files\NVIDIA Corporation\NVIDIA NvDLISR;C:\Program Files\Git\cmd;D:\MySQL8.0\mysql-8.0.21-winx64\bin;C:\Program Files\TortoiseSVN\bin;D:\Work\maven\apache-maven-3.5.3\bin;D:\WebStorm\node\;D:\sdk\tools;D:\sdk\platform-tools;C:\Users\39851\.gradle\wrapper\dists\gradle-6.5-bin\6nifqtx7604sqp1q6g8wikw7p\gradle-6.5\bin;C:\Users\39851\AppData\Local\Microsoft\WindowsApps;D:\WebStorm\node\node_global;;D:\VsCode\vsCode\Microsoft VS Code\bin
USERNAME=39851
OS=Windows_NT
PROCESSOR_IDENTIFIER=AMD64 Family 23 Model 96 Stepping 1, AuthenticAMD



---------------  S Y S T E M  ---------------

OS: Windows 8.1 , 64 bit Build 9600 

CPU:total 12 (12 cores per cpu, 1 threads per core) family 23 model 96 stepping 1, cmov, cx8, fxsr, mmx, sse, sse2, sse3, ssse3, sse4.1, sse4.2, popcnt, avx, avx2, aes, clmul, mmxext, 3dnowpref, lzcnt, sse4a, tsc, tscinvbit, tscinv, bmi1

Memory: 4k page, physical 16119108k(5728576k free), swap 29226304k(5136k free)

vm_info: Java HotSpot(TM) 64-Bit Server VM (25.31-b07) for windows-amd64 JRE (1.8.0_31-b13), built on Dec 17 2014 21:00:28 by "java_re" with MS VC++ 10.0 (VS2010)

time: Tue Apr 13 12:01:16 2021
elapsed time: 1 seconds (0d 0h 0m 1s)

